#
# A fatal error has been detected by the Java Runtime Environment:
#
#  SIGBUS (0xa) at pc=0x00000001013b8e92, pid=60125, tid=0x0000000000000c07
#
# JRE version: Java(TM) SE Runtime Environment (8.0_112-b16) (build 1.8.0_112-b16)
# Java VM: Java HotSpot(TM) 64-Bit Server VM (25.112-b16 mixed mode bsd-amd64 compressed oops)
# Problematic frame:
# C  [libzip.dylib+0x2e92]  newEntry+0x154
#
# Failed to write core dump. Core dumps have been disabled. To enable core dumping, try "ulimit -c unlimited" before starting Java again
#
# If you would like to submit a bug report, please visit:
#   http://bugreport.java.com/bugreport/crash.jsp
# The crash happened outside the Java Virtual Machine in native code.
# See problematic frame for where to report the bug.
#

---------------  T H R E A D  ---------------

Current thread (0x00007f893d801800):  JavaThread "main" [_thread_in_native, id=3079, stack(0x000070000011a000,0x000070000021a000)]

siginfo: si_signo: 10 (SIGBUS), si_code: 2 (BUS_ADRERR), si_addr: 0x000000013c86fb98

Registers:
RAX=0x00007f893af1b3e0, RBX=0x000000013c86fb8c, RCX=0x0000000000000500, RDX=0x0000000000000000
RSP=0x0000700000215a40, RBP=0x0000700000215aa0, RSI=0x00007f893ac00000, RDI=0x000000010110a200
R8 =0x0000000000000004, R9 =0x00000000fffff800, R10=0x00000001035b7158, R11=0x00006ff99532f23e
R12=0x000000013c872000, R13=0x0000000000108eb0, R14=0x00000000198f81ab, R15=0x00007f893d03b3f0
RIP=0x00000001013b8e92, EFLAGS=0x0000000000010202, ERR=0x0000000000000004
  TRAPNO=0x000000000000000e

Top of Stack: (sp=0x0000700000215a40)
0x0000700000215a40:   000070003d209ca0 0000000000216118
0x0000700000215a50:   000070003ce7dfd8 000000010286dbe0
0x0000700000215a60:   0000700000215a80 00007f893af1b3e0
0x0000700000215a70:   00007f893ac58e60 00007f893af1b3e0
0x0000700000215a80:   000000013c872000 0000000000108eb0
0x0000700000215a90:   00000000198f81ab 00007f893d03b3f0
0x0000700000215aa0:   0000700000215b00 00000001013b952d
0x0000700000215ab0:   0000700000215b60 0000700000215b5f
0x0000700000215ac0:   0000004000000000 0000004101801800
0x0000700000215ad0:   0000700000215b1e 0000700000215f68
0x0000700000215ae0:   0000000000000041 0000700000215b1e
0x0000700000215af0:   00007f893af1b3e0 00007f893d8019f8
0x0000700000215b00:   0000700000215f50 00000001013b8238
0x0000700000215b10:   0000700000215b30 6f63000100000001
0x0000700000215b20:   736e696472722f6d 75722f7374686769
0x0000700000215b30:   74732f6c6c657373 61742f656761726f
0x0000700000215b40:   53794d2f73656c62 24656c6261546c71
0x0000700000215b50:   706d49656c626154 007373616c632e6c
0x0000700000215b60:   0000700000215f00 0000700000216788
0x0000700000215b70:   00007f893b894b70 00000007c0184d98
0x0000700000215b80:   0000700000215ba0 000000013caa95e8
0x0000700000215b90:   00000007c00b8028 0000700000216788
0x0000700000215ba0:   00007f893d801800 00000007c0184d98
0x0000700000215bb0:   0000700000215c30 00000001027c9299
0x0000700000215bc0:   000000013caa95e8 00007f893b894b70
0x0000700000215bd0:   0000700000215c30 00000001027c9c92
0x0000700000215be0:   0000000100000000 000000013caa95e8
0x0000700000215bf0:   000000013caa95e8 00007f893d801800
0x0000700000215c00:   0000700000216900 0000700000215f60
0x0000700000215c10:   0000000000000000 00007f893d801800
0x0000700000215c20:   00000007c0184d98 0000700000215f60
0x0000700000215c30:   0000700000215e00 00000001027cab29 

Instructions: (pc=0x00000001013b8e92)
0x00000001013b8e72:   49 8b 7f 38 e8 5b 1b 00 00 4d 89 77 38 49 89 5f
0x00000001013b8e82:   40 4c 89 f0 48 85 c0 0f 84 11 05 00 00 48 89 c3
0x00000001013b8e92:   0f b6 43 0c 0f b6 4b 0d 48 c1 e1 08 48 01 c1 0f
0x00000001013b8ea2:   b6 43 0e 0f b6 53 0f 48 c1 e2 08 48 01 c2 48 c1 

Register to memory mapping:

RAX=0x00007f893af1b3e0 is an unknown value
RBX=0x000000013c86fb8c is an unknown value
RCX=0x0000000000000500 is an unknown value
RDX=0x0000000000000000 is an unknown value
RSP=0x0000700000215a40 is pointing into the stack for thread: 0x00007f893d801800
RBP=0x0000700000215aa0 is pointing into the stack for thread: 0x00007f893d801800
RSI=0x00007f893ac00000 is an unknown value
RDI=0x000000010110a200 is an unknown value
R8 =0x0000000000000004 is an unknown value
R9 =0x00000000fffff800 is an unknown value
R10=0x00000001035b7158 is at entry_point+88 in (nmethod*)0x00000001035b6f90
R11=0x00006ff99532f23e is an unknown value
R12=0x000000013c872000 is an unknown value
R13=0x0000000000108eb0 is an unknown value
R14=0x00000000198f81ab is an unknown value
R15=0x00007f893d03b3f0 is an unknown value


Stack: [0x000070000011a000,0x000070000021a000],  sp=0x0000700000215a40,  free space=1006k
Native frames: (J=compiled Java code, j=interpreted, Vv=VM code, C=native code)
C  [libzip.dylib+0x2e92]  newEntry+0x154
C  [libzip.dylib+0x352d]  ZIP_GetEntry2+0xd4
C  [libzip.dylib+0x2238]  Java_java_util_zip_ZipFile_getEntry+0xcf
J 629  java.util.zip.ZipFile.getEntry(J[BZ)J (0 bytes) @ 0x00000001035b71ce [0x00000001035b7100+0xce]
J 627 C1 java.util.zip.ZipFile.getEntry(Ljava/lang/String;)Ljava/util/zip/ZipEntry; (86 bytes) @ 0x00000001035b68cc [0x00000001035b6660+0x26c]
J 622 C1 java.util.jar.JarFile.getEntry(Ljava/lang/String;)Ljava/util/zip/ZipEntry; (22 bytes) @ 0x00000001035b5da4 [0x00000001035b5d20+0x84]
J 625 C1 sun.misc.URLClassPath$JarLoader.getResource(Ljava/lang/String;Z)Lsun/misc/Resource; (85 bytes) @ 0x00000001035b37ec [0x00000001035b3380+0x46c]
j  sun.misc.URLClassPath.getResource(Ljava/lang/String;Z)Lsun/misc/Resource;+62
j  java.net.URLClassLoader$1.run()Ljava/lang/Class;+26
j  java.net.URLClassLoader$1.run()Ljava/lang/Object;+1
v  ~StubRoutines::call_stub
V  [libjvm.dylib+0x2edbd2]  JavaCalls::call_helper(JavaValue*, methodHandle*, JavaCallArguments*, Thread*)+0x6ae
V  [libjvm.dylib+0x34e310]  JVM_DoPrivileged+0x4b8
j  java.security.AccessController.doPrivileged(Ljava/security/PrivilegedExceptionAction;Ljava/security/AccessControlContext;)Ljava/lang/Object;+0
j  java.net.URLClassLoader.findClass(Ljava/lang/String;)Ljava/lang/Class;+13
J 634 C1 java.lang.ClassLoader.loadClass(Ljava/lang/String;Z)Ljava/lang/Class; (122 bytes) @ 0x00000001035be784 [0x00000001035bde20+0x964]
J 1830 C1 java.lang.ClassLoader.loadClass(Ljava/lang/String;)Ljava/lang/Class; (7 bytes) @ 0x00000001038b8744 [0x00000001038b8640+0x104]
v  ~StubRoutines::call_stub
V  [libjvm.dylib+0x2edbd2]  JavaCalls::call_helper(JavaValue*, methodHandle*, JavaCallArguments*, Thread*)+0x6ae
V  [libjvm.dylib+0x2ee360]  JavaCalls::call_virtual(JavaValue*, KlassHandle, Symbol*, Symbol*, JavaCallArguments*, Thread*)+0x164
V  [libjvm.dylib+0x2ee4b8]  JavaCalls::call_virtual(JavaValue*, Handle, KlassHandle, Symbol*, Symbol*, Handle, Thread*)+0x56
V  [libjvm.dylib+0x53c1b6]  SystemDictionary::load_instance_class(Symbol*, Handle, Thread*)+0x2d8
V  [libjvm.dylib+0x53b97e]  SystemDictionary::resolve_instance_class_or_null(Symbol*, Handle, Handle, Thread*)+0x484
V  [libjvm.dylib+0x53c3d2]  SystemDictionary::resolve_or_null(Symbol*, Handle, Handle, Thread*)+0x106
V  [libjvm.dylib+0x53ca85]  SystemDictionary::resolve_or_fail(Symbol*, Handle, Handle, bool, Thread*)+0x31
V  [libjvm.dylib+0x1e2b7e]  ConstantPool::klass_at_impl(constantPoolHandle, int, Thread*)+0x2ee
V  [libjvm.dylib+0x1f2f8e]  ConstantPool::klass_at(int, Thread*)+0x92
V  [libjvm.dylib+0x2e95f3]  InterpreterRuntime::_new(JavaThread*, ConstantPool*, int)+0x2d
j  com.rrdinsights.russell.storage.tables.MySqlTable$.apply(Ljava/lang/String;Lscala/reflect/api/TypeTags$TypeTag;)Lcom/rrdinsights/russell/storage/tables/MySqlTable;+0
j  com.rrdinsights.russell.storage.tables.NBATables$.<init>()V+63
j  com.rrdinsights.russell.storage.tables.NBATables$.<clinit>()V+3
v  ~StubRoutines::call_stub
V  [libjvm.dylib+0x2edbd2]  JavaCalls::call_helper(JavaValue*, methodHandle*, JavaCallArguments*, Thread*)+0x6ae
V  [libjvm.dylib+0x2c07c5]  InstanceKlass::call_class_initializer_impl(instanceKlassHandle, Thread*)+0xbf
V  [libjvm.dylib+0x2c1e29]  InstanceKlass::initialize_impl(instanceKlassHandle, Thread*)+0x4b5
V  [libjvm.dylib+0x2c20bf]  InstanceKlass::initialize(Thread*)+0x3d
V  [libjvm.dylib+0x3c8fc6]  LinkResolver::resolve_field(fieldDescriptor&, KlassHandle, Symbol*, Symbol*, KlassHandle, Bytecodes::Code, bool, bool, Thread*)+0x31a
V  [libjvm.dylib+0x3cb5ab]  LinkResolver::resolve_field_access(fieldDescriptor&, constantPoolHandle, int, Bytecodes::Code, Thread*)+0x101
V  [libjvm.dylib+0x2e8abf]  InterpreterRuntime::resolve_get_put(JavaThread*, Bytecodes::Code)+0x119
j  com.rrdinsights.russell.investigation.shots.ScoreShotsCalculator$.readShotsWithPlayers(Lscala/collection/Seq;)Lscala/collection/Seq;+3
j  com.rrdinsights.russell.investigation.shots.ScoreShotsCalculator$.main([Ljava/lang/String;)V+47
j  com.rrdinsights.russell.investigation.shots.ScoreShotsCalculator.main([Ljava/lang/String;)V+4
v  ~StubRoutines::call_stub
V  [libjvm.dylib+0x2edbd2]  JavaCalls::call_helper(JavaValue*, methodHandle*, JavaCallArguments*, Thread*)+0x6ae
V  [libjvm.dylib+0x4d28c0]  Reflection::invoke(instanceKlassHandle, methodHandle, Handle, bool, objArrayHandle, BasicType, objArrayHandle, bool, Thread*)+0xe12
V  [libjvm.dylib+0x4d2df4]  Reflection::invoke_method(oopDesc*, Handle, objArrayHandle, Thread*)+0x16c
V  [libjvm.dylib+0x345fb4]  JVM_InvokeMethod+0x166
j  sun.reflect.NativeMethodAccessorImpl.invoke0(Ljava/lang/reflect/Method;Ljava/lang/Object;[Ljava/lang/Object;)Ljava/lang/Object;+0
j  sun.reflect.NativeMethodAccessorImpl.invoke(Ljava/lang/Object;[Ljava/lang/Object;)Ljava/lang/Object;+100
j  sun.reflect.DelegatingMethodAccessorImpl.invoke(Ljava/lang/Object;[Ljava/lang/Object;)Ljava/lang/Object;+6
j  java.lang.reflect.Method.invoke(Ljava/lang/Object;[Ljava/lang/Object;)Ljava/lang/Object;+56
j  scala.reflect.internal.util.ScalaClassLoader$$anonfun$run$1.apply()Ljava/lang/Object;+32
j  scala.reflect.internal.util.ScalaClassLoader$class.asContext(Lscala/reflect/internal/util/ScalaClassLoader;Lscala/Function0;)Ljava/lang/Object;+18
j  scala.reflect.internal.util.ScalaClassLoader$URLClassLoader.asContext(Lscala/Function0;)Ljava/lang/Object;+2
j  scala.reflect.internal.util.ScalaClassLoader$class.run(Lscala/reflect/internal/util/ScalaClassLoader;Ljava/lang/String;Lscala/collection/Seq;)V+76
j  scala.reflect.internal.util.ScalaClassLoader$URLClassLoader.run(Ljava/lang/String;Lscala/collection/Seq;)V+3
j  scala.tools.nsc.CommonRunner$class.run(Lscala/tools/nsc/CommonRunner;Lscala/collection/Seq;Ljava/lang/String;Lscala/collection/Seq;)V+15
j  scala.tools.nsc.ObjectRunner$.run(Lscala/collection/Seq;Ljava/lang/String;Lscala/collection/Seq;)V+4
j  scala.tools.nsc.CommonRunner$class.runAndCatch(Lscala/tools/nsc/CommonRunner;Lscala/collection/Seq;Ljava/lang/String;Lscala/collection/Seq;)Lscala/util/Either;+4
j  scala.tools.nsc.ObjectRunner$.runAndCatch(Lscala/collection/Seq;Ljava/lang/String;Lscala/collection/Seq;)Lscala/util/Either;+4
j  scala.tools.nsc.MainGenericRunner.runTarget$1(Lscala/tools/nsc/GenericRunnerCommand;)Lscala/util/Either;+33
j  scala.tools.nsc.MainGenericRunner.run$1(Lscala/tools/nsc/GenericRunnerCommand;)Z+72
j  scala.tools.nsc.MainGenericRunner.process([Ljava/lang/String;)Z+78
j  scala.tools.nsc.MainGenericRunner$.main([Ljava/lang/String;)V+2
j  scala.tools.nsc.MainGenericRunner.main([Ljava/lang/String;)V+4
v  ~StubRoutines::call_stub
V  [libjvm.dylib+0x2edbd2]  JavaCalls::call_helper(JavaValue*, methodHandle*, JavaCallArguments*, Thread*)+0x6ae
V  [libjvm.dylib+0x3249ca]  jni_invoke_static(JNIEnv_*, JavaValue*, _jobject*, JNICallType, _jmethodID*, JNI_ArgumentPusher*, Thread*)+0x1bf
V  [libjvm.dylib+0x31d741]  jni_CallStaticVoidMethod+0x15d
C  [java+0x3931]  JavaMain+0x9c4
C  [libsystem_pthread.dylib+0x399d]  _pthread_body+0x83
C  [libsystem_pthread.dylib+0x391a]  _pthread_body+0x0
C  [libsystem_pthread.dylib+0x1351]  thread_start+0xd
C  0x0000000000000000

Java frames: (J=compiled Java code, j=interpreted, Vv=VM code)
J 629  java.util.zip.ZipFile.getEntry(J[BZ)J (0 bytes) @ 0x00000001035b7158 [0x00000001035b7100+0x58]
J 627 C1 java.util.zip.ZipFile.getEntry(Ljava/lang/String;)Ljava/util/zip/ZipEntry; (86 bytes) @ 0x00000001035b68cc [0x00000001035b6660+0x26c]
J 622 C1 java.util.jar.JarFile.getEntry(Ljava/lang/String;)Ljava/util/zip/ZipEntry; (22 bytes) @ 0x00000001035b5da4 [0x00000001035b5d20+0x84]
J 625 C1 sun.misc.URLClassPath$JarLoader.getResource(Ljava/lang/String;Z)Lsun/misc/Resource; (85 bytes) @ 0x00000001035b37ec [0x00000001035b3380+0x46c]
j  sun.misc.URLClassPath.getResource(Ljava/lang/String;Z)Lsun/misc/Resource;+62
j  java.net.URLClassLoader$1.run()Ljava/lang/Class;+26
j  java.net.URLClassLoader$1.run()Ljava/lang/Object;+1
v  ~StubRoutines::call_stub
j  java.security.AccessController.doPrivileged(Ljava/security/PrivilegedExceptionAction;Ljava/security/AccessControlContext;)Ljava/lang/Object;+0
j  java.net.URLClassLoader.findClass(Ljava/lang/String;)Ljava/lang/Class;+13
J 634 C1 java.lang.ClassLoader.loadClass(Ljava/lang/String;Z)Ljava/lang/Class; (122 bytes) @ 0x00000001035be784 [0x00000001035bde20+0x964]
J 1830 C1 java.lang.ClassLoader.loadClass(Ljava/lang/String;)Ljava/lang/Class; (7 bytes) @ 0x00000001038b8744 [0x00000001038b8640+0x104]
v  ~StubRoutines::call_stub
j  com.rrdinsights.russell.storage.tables.MySqlTable$.apply(Ljava/lang/String;Lscala/reflect/api/TypeTags$TypeTag;)Lcom/rrdinsights/russell/storage/tables/MySqlTable;+0
j  com.rrdinsights.russell.storage.tables.NBATables$.<init>()V+63
j  com.rrdinsights.russell.storage.tables.NBATables$.<clinit>()V+3
v  ~StubRoutines::call_stub
j  com.rrdinsights.russell.investigation.shots.ScoreShotsCalculator$.readShotsWithPlayers(Lscala/collection/Seq;)Lscala/collection/Seq;+3
j  com.rrdinsights.russell.investigation.shots.ScoreShotsCalculator$.main([Ljava/lang/String;)V+47
j  com.rrdinsights.russell.investigation.shots.ScoreShotsCalculator.main([Ljava/lang/String;)V+4
v  ~StubRoutines::call_stub
j  sun.reflect.NativeMethodAccessorImpl.invoke0(Ljava/lang/reflect/Method;Ljava/lang/Object;[Ljava/lang/Object;)Ljava/lang/Object;+0
j  sun.reflect.NativeMethodAccessorImpl.invoke(Ljava/lang/Object;[Ljava/lang/Object;)Ljava/lang/Object;+100
j  sun.reflect.DelegatingMethodAccessorImpl.invoke(Ljava/lang/Object;[Ljava/lang/Object;)Ljava/lang/Object;+6
j  java.lang.reflect.Method.invoke(Ljava/lang/Object;[Ljava/lang/Object;)Ljava/lang/Object;+56
j  scala.reflect.internal.util.ScalaClassLoader$$anonfun$run$1.apply()Ljava/lang/Object;+32
j  scala.reflect.internal.util.ScalaClassLoader$class.asContext(Lscala/reflect/internal/util/ScalaClassLoader;Lscala/Function0;)Ljava/lang/Object;+18
j  scala.reflect.internal.util.ScalaClassLoader$URLClassLoader.asContext(Lscala/Function0;)Ljava/lang/Object;+2
j  scala.reflect.internal.util.ScalaClassLoader$class.run(Lscala/reflect/internal/util/ScalaClassLoader;Ljava/lang/String;Lscala/collection/Seq;)V+76
j  scala.reflect.internal.util.ScalaClassLoader$URLClassLoader.run(Ljava/lang/String;Lscala/collection/Seq;)V+3
j  scala.tools.nsc.CommonRunner$class.run(Lscala/tools/nsc/CommonRunner;Lscala/collection/Seq;Ljava/lang/String;Lscala/collection/Seq;)V+15
j  scala.tools.nsc.ObjectRunner$.run(Lscala/collection/Seq;Ljava/lang/String;Lscala/collection/Seq;)V+4
j  scala.tools.nsc.CommonRunner$class.runAndCatch(Lscala/tools/nsc/CommonRunner;Lscala/collection/Seq;Ljava/lang/String;Lscala/collection/Seq;)Lscala/util/Either;+4
j  scala.tools.nsc.ObjectRunner$.runAndCatch(Lscala/collection/Seq;Ljava/lang/String;Lscala/collection/Seq;)Lscala/util/Either;+4
j  scala.tools.nsc.MainGenericRunner.runTarget$1(Lscala/tools/nsc/GenericRunnerCommand;)Lscala/util/Either;+33
j  scala.tools.nsc.MainGenericRunner.run$1(Lscala/tools/nsc/GenericRunnerCommand;)Z+72
j  scala.tools.nsc.MainGenericRunner.process([Ljava/lang/String;)Z+78
j  scala.tools.nsc.MainGenericRunner$.main([Ljava/lang/String;)V+2
j  scala.tools.nsc.MainGenericRunner.main([Ljava/lang/String;)V+4
v  ~StubRoutines::call_stub

---------------  P R O C E S S  ---------------

Java Threads: ( => current thread )
  0x00007f893e00c800 JavaThread "Service Thread" daemon [_thread_blocked, id=20995, stack(0x00007000012d0000,0x00007000013d0000)]
  0x00007f893e009800 JavaThread "C1 CompilerThread3" daemon [_thread_blocked, id=20483, stack(0x00007000011cd000,0x00007000012cd000)]
  0x00007f893e009000 JavaThread "C2 CompilerThread2" daemon [_thread_blocked, id=19971, stack(0x00007000010ca000,0x00007000011ca000)]
  0x00007f893e026800 JavaThread "C2 CompilerThread1" daemon [_thread_blocked, id=19459, stack(0x0000700000fc7000,0x00007000010c7000)]
  0x00007f893e007000 JavaThread "C2 CompilerThread0" daemon [_thread_blocked, id=18947, stack(0x0000700000ec4000,0x0000700000fc4000)]
  0x00007f893e006800 JavaThread "Signal Dispatcher" daemon [_thread_blocked, id=15887, stack(0x0000700000dc1000,0x0000700000ec1000)]
  0x00007f893e025800 JavaThread "Finalizer" daemon [_thread_blocked, id=14339, stack(0x0000700000c3b000,0x0000700000d3b000)]
  0x00007f893e023000 JavaThread "Reference Handler" daemon [_thread_blocked, id=13827, stack(0x0000700000b38000,0x0000700000c38000)]
=>0x00007f893d801800 JavaThread "main" [_thread_in_native, id=3079, stack(0x000070000011a000,0x000070000021a000)]

Other Threads:
  0x00007f893b816800 VMThread [stack: 0x0000700000a35000,0x0000700000b35000] [id=13315]
  0x00007f893e028000 WatcherThread [stack: 0x00007000013d3000,0x00007000014d3000] [id=21507]

VM state:not at safepoint (normal execution)

VM Mutex/Monitor currently owned by a thread: None

Heap:
 PSYoungGen      total 9728K, used 5016K [0x000000066ab00000, 0x000000066be00000, 0x00000007c0000000)
  eden space 8704K, 46% used [0x000000066ab00000,0x000000066aeebda8,0x000000066b380000)
  from space 1024K, 97% used [0x000000066b480000,0x000000066b57a370,0x000000066b580000)
  to   space 1024K, 0% used [0x000000066b380000,0x000000066b380000,0x000000066b480000)
 ParOldGen       total 22016K, used 3931K [0x00000003c0000000, 0x00000003c1580000, 0x000000066ab00000)
  object space 22016K, 17% used [0x00000003c0000000,0x00000003c03d6d88,0x00000003c1580000)
 Metaspace       used 19161K, capacity 19372K, committed 19712K, reserved 1067008K
  class space    used 2889K, capacity 2957K, committed 3072K, reserved 1048576K

Card table byte_map: [0x0000000112762000,0x0000000114763000] byte_map_base: 0x0000000110962000

Marking Bits: (ParMarkBitMap*) 0x0000000102cf0d30
 Begin Bits: [0x0000000115cb9000, 0x0000000125cb9000)
 End Bits:   [0x0000000125cb9000, 0x0000000135cb9000)

Polling page: 0x00000001013ac000

CodeCache: size=245760Kb used=5225Kb max_used=5239Kb free=240534Kb
 bounds [0x00000001033a2000, 0x00000001038d2000, 0x00000001123a2000]
 total_blobs=2204 nmethods=1838 adapters=278
 compilation: enabled

Compilation events (10 events):
Event: 0.885 Thread 0x00007f893e009800 1829       3       scala.reflect.internal.Names$TermName_R::toString (25 bytes)
Event: 0.885 Thread 0x00007f893e009000 nmethod 1809 0x00000001038bcc10 code [0x00000001038bcdc0, 0x00000001038bdc18]
Event: 0.885 Thread 0x00007f893e009800 nmethod 1829 0x00000001038b88d0 code [0x00000001038b8a60, 0x00000001038b9028]
Event: 0.885 Thread 0x00007f893e009800 1830       3       java.lang.ClassLoader::loadClass (7 bytes)
Event: 0.885 Thread 0x00007f893e009800 nmethod 1830 0x00000001038b84d0 code [0x00000001038b8640, 0x00000001038b8848]
Event: 0.885 Thread 0x00007f893e009800 1833       3       scala.reflect.internal.SymbolTable$$anonfun$openPackageModule$1::apply (12 bytes)
Event: 0.885 Thread 0x00007f893e009800 nmethod 1833 0x00000001038b7fd0 code [0x00000001038b8140, 0x00000001038b8428]
Event: 0.886 Thread 0x00007f893e009800 1832       1       scala.reflect.internal.Symbols$Symbol::isConstructor (2 bytes)
Event: 0.886 Thread 0x00007f893e009800 nmethod 1832 0x00000001038b7c90 code [0x00000001038b7de0, 0x00000001038b7ef0]
Event: 0.887 Thread 0x00007f893e009800 1835       3       sun.misc.URLClassPath::getResource (83 bytes)

GC Heap History (4 events):
Event: 0.540 GC heap before
{Heap before GC invocations=1 (full 0):
 PSYoungGen      total 9728K, used 8704K [0x000000066ab00000, 0x000000066b580000, 0x00000007c0000000)
  eden space 8704K, 100% used [0x000000066ab00000,0x000000066b380000,0x000000066b380000)
  from space 1024K, 0% used [0x000000066b480000,0x000000066b480000,0x000000066b580000)
  to   space 1024K, 0% used [0x000000066b380000,0x000000066b380000,0x000000066b480000)
 ParOldGen       total 22016K, used 0K [0x00000003c0000000, 0x00000003c1580000, 0x000000066ab00000)
  object space 22016K, 0% used [0x00000003c0000000,0x00000003c0000000,0x00000003c1580000)
 Metaspace       used 15709K, capacity 15900K, committed 16128K, reserved 1062912K
  class space    used 2369K, capacity 2441K, committed 2560K, reserved 1048576K
Event: 0.543 GC heap after
Heap after GC invocations=1 (full 0):
 PSYoungGen      total 9728K, used 992K [0x000000066ab00000, 0x000000066b580000, 0x00000007c0000000)
  eden space 8704K, 0% used [0x000000066ab00000,0x000000066ab00000,0x000000066b380000)
  from space 1024K, 96% used [0x000000066b380000,0x000000066b478020,0x000000066b480000)
  to   space 1024K, 0% used [0x000000066b480000,0x000000066b480000,0x000000066b580000)
 ParOldGen       total 22016K, used 1786K [0x00000003c0000000, 0x00000003c1580000, 0x000000066ab00000)
  object space 22016K, 8% used [0x00000003c0000000,0x00000003c01beb68,0x00000003c1580000)
 Metaspace       used 15709K, capacity 15900K, committed 16128K, reserved 1062912K
  class space    used 2369K, capacity 2441K, committed 2560K, reserved 1048576K
}
Event: 0.786 GC heap before
{Heap before GC invocations=2 (full 0):
 PSYoungGen      total 9728K, used 9696K [0x000000066ab00000, 0x000000066b580000, 0x00000007c0000000)
  eden space 8704K, 100% used [0x000000066ab00000,0x000000066b380000,0x000000066b380000)
  from space 1024K, 96% used [0x000000066b380000,0x000000066b478020,0x000000066b480000)
  to   space 1024K, 0% used [0x000000066b480000,0x000000066b480000,0x000000066b580000)
 ParOldGen       total 22016K, used 1786K [0x00000003c0000000, 0x00000003c1580000, 0x000000066ab00000)
  object space 22016K, 8% used [0x00000003c0000000,0x00000003c01beb68,0x00000003c1580000)
 Metaspace       used 18320K, capacity 18540K, committed 18816K, reserved 1064960K
  class space    used 2751K, capacity 2829K, committed 2944K, reserved 1048576K
Event: 0.791 GC heap after
Heap after GC invocations=2 (full 0):
 PSYoungGen      total 9728K, used 1000K [0x000000066ab00000, 0x000000066be00000, 0x00000007c0000000)
  eden space 8704K, 0% used [0x000000066ab00000,0x000000066ab00000,0x000000066b380000)
  from space 1024K, 97% used [0x000000066b480000,0x000000066b57a370,0x000000066b580000)
  to   space 1024K, 0% used [0x000000066b380000,0x000000066b380000,0x000000066b480000)
 ParOldGen       total 22016K, used 3931K [0x00000003c0000000, 0x00000003c1580000, 0x000000066ab00000)
  object space 22016K, 17% used [0x00000003c0000000,0x00000003c03d6d88,0x00000003c1580000)
 Metaspace       used 18320K, capacity 18540K, committed 18816K, reserved 1064960K
  class space    used 2751K, capacity 2829K, committed 2944K, reserved 1048576K
}

Deoptimization events (8 events):
Event: 0.622 Thread 0x00007f893d801800 Uncommon trap: reason=unstable_if action=reinterpret pc=0x00000001035fdd4c method=java.lang.String.replace(CC)Ljava/lang/String; @ 2
Event: 0.724 Thread 0x00007f893d801800 Uncommon trap: reason=bimorphic action=maybe_recompile pc=0x00000001036dfc40 method=scala.reflect.runtime.SynchronizedSymbols$SynchronizedSymbol$$anon$8.scala$reflect$runtime$SynchronizedSymbols$SynchronizedSymbol$$$outer()Lscala/reflect/runtime/Synchroni
Event: 0.724 Thread 0x00007f893d801800 Uncommon trap: reason=bimorphic action=maybe_recompile pc=0x00000001036dfc40 method=scala.reflect.runtime.SynchronizedSymbols$SynchronizedSymbol$$anon$8.scala$reflect$runtime$SynchronizedSymbols$SynchronizedSymbol$$$outer()Lscala/reflect/runtime/Synchroni
Event: 0.724 Thread 0x00007f893d801800 Uncommon trap: reason=bimorphic action=maybe_recompile pc=0x00000001036dfc40 method=scala.reflect.runtime.SynchronizedSymbols$SynchronizedSymbol$$anon$8.scala$reflect$runtime$SynchronizedSymbols$SynchronizedSymbol$$$outer()Lscala/reflect/runtime/Synchroni
Event: 0.724 Thread 0x00007f893d801800 Uncommon trap: reason=bimorphic action=maybe_recompile pc=0x00000001036dfc40 method=scala.reflect.runtime.SynchronizedSymbols$SynchronizedSymbol$$anon$8.scala$reflect$runtime$SynchronizedSymbols$SynchronizedSymbol$$$outer()Lscala/reflect/runtime/Synchroni
Event: 0.836 Thread 0x00007f893d801800 Uncommon trap: reason=bimorphic action=maybe_recompile pc=0x00000001036b3144 method=scala.collection.TraversableOnce$class.nonEmpty(Lscala/collection/TraversableOnce;)Z @ 1
Event: 0.836 Thread 0x00007f893d801800 Uncommon trap: reason=bimorphic action=maybe_recompile pc=0x00000001036b3144 method=scala.collection.TraversableOnce$class.nonEmpty(Lscala/collection/TraversableOnce;)Z @ 1
Event: 0.836 Thread 0x00007f893d801800 Uncommon trap: reason=bimorphic action=maybe_recompile pc=0x00000001036b3144 method=scala.collection.TraversableOnce$class.nonEmpty(Lscala/collection/TraversableOnce;)Z @ 1

Internal exceptions (10 events):
Event: 0.849 Thread 0x00007f893d801800 Exception <a 'java/lang/ClassNotFoundException': java/lang/annotation/package> (0x000000066addaa18) thrown at [/Users/java_re/workspace/8-2-build-macosx-x86_64/jdk8u112/7935/hotspot/src/share/vm/classfile/systemDictionary.cpp, line 210]
Event: 0.851 Thread 0x00007f893d801800 Exception <a 'java/lang/ClassNotFoundException': scala/annotation/unchecked> (0x000000066ade6908) thrown at [/Users/java_re/workspace/8-2-build-macosx-x86_64/jdk8u112/7935/hotspot/src/share/vm/classfile/systemDictionary.cpp, line 210]
Event: 0.851 Thread 0x00007f893d801800 Exception <a 'java/lang/ClassNotFoundException': scala/annotation/unchecked/package> (0x000000066ade8330) thrown at [/Users/java_re/workspace/8-2-build-macosx-x86_64/jdk8u112/7935/hotspot/src/share/vm/classfile/systemDictionary.cpp, line 210]
Event: 0.852 Thread 0x00007f893d801800 Exception <a 'java/lang/ClassNotFoundException': scala/beans> (0x000000066adebb30) thrown at [/Users/java_re/workspace/8-2-build-macosx-x86_64/jdk8u112/7935/hotspot/src/share/vm/classfile/systemDictionary.cpp, line 210]
Event: 0.852 Thread 0x00007f893d801800 Exception <a 'java/lang/ClassNotFoundException': scala/beans/package> (0x000000066adecea0) thrown at [/Users/java_re/workspace/8-2-build-macosx-x86_64/jdk8u112/7935/hotspot/src/share/vm/classfile/systemDictionary.cpp, line 210]
Event: 0.855 Thread 0x00007f893d801800 Exception <a 'java/lang/ClassNotFoundException': scala/reflect/internal> (0x000000066adfc300) thrown at [/Users/java_re/workspace/8-2-build-macosx-x86_64/jdk8u112/7935/hotspot/src/share/vm/classfile/systemDictionary.cpp, line 210]
Event: 0.856 Thread 0x00007f893d801800 Exception <a 'java/lang/ClassNotFoundException': scala/reflect/internal/package> (0x000000066adfd720) thrown at [/Users/java_re/workspace/8-2-build-macosx-x86_64/jdk8u112/7935/hotspot/src/share/vm/classfile/systemDictionary.cpp, line 210]
Event: 0.856 Thread 0x00007f893d801800 Exception <a 'java/lang/ClassNotFoundException': scala/reflect/internal/annotations> (0x000000066adfe520) thrown at [/Users/java_re/workspace/8-2-build-macosx-x86_64/jdk8u112/7935/hotspot/src/share/vm/classfile/systemDictionary.cpp, line 210]
Event: 0.857 Thread 0x00007f893d801800 Exception <a 'java/lang/ClassNotFoundException': scala/reflect/internal/annotations/compileTimeOnly> (0x000000066ae05cb0) thrown at [/Users/java_re/workspace/8-2-build-macosx-x86_64/jdk8u112/7935/hotspot/src/share/vm/classfile/systemDictionary.cpp, line 2
Event: 0.858 Thread 0x00007f893d801800 Exception <a 'java/lang/ClassNotFoundException': scala/annotation/meta> (0x000000066ae0a8c8) thrown at [/Users/java_re/workspace/8-2-build-macosx-x86_64/jdk8u112/7935/hotspot/src/share/vm/classfile/systemDictionary.cpp, line 210]

Events (10 events):
Event: 0.886 loading class scala/Left
Event: 0.886 loading class scala/Left done
Event: 0.886 loading class scala/Right
Event: 0.886 loading class scala/Right done
Event: 0.886 loading class scala/Right
Event: 0.886 loading class scala/Right done
Event: 0.887 loading class scala/runtime
Event: 0.887 loading class scala/runtime done
Event: 0.887 loading class com/rrdinsights/russell/storage/tables/MySqlTable$TableImpl
Event: 0.887 loading class com/rrdinsights/russell/storage/tables/MySqlTable$TableImpl done


Dynamic libraries:
0x0000000001101000 	/System/Library/Frameworks/Cocoa.framework/Versions/A/Cocoa
0x0000000001101000 	/System/Library/Frameworks/Security.framework/Versions/A/Security
0x0000000001101000 	/System/Library/Frameworks/ApplicationServices.framework/Versions/A/ApplicationServices
0x0000000001101000 	/usr/lib/libz.1.dylib
0x0000000001101000 	/usr/lib/libSystem.B.dylib
0x0000000001101000 	/usr/lib/libobjc.A.dylib
0x0000000001101000 	/System/Library/Frameworks/CoreFoundation.framework/Versions/A/CoreFoundation
0x0000000001101000 	/System/Library/Frameworks/Foundation.framework/Versions/C/Foundation
0x0000000001101000 	/System/Library/Frameworks/AppKit.framework/Versions/C/AppKit
0x0000000001101000 	/System/Library/Frameworks/CoreData.framework/Versions/A/CoreData
0x0000000001101000 	/System/Library/PrivateFrameworks/RemoteViewServices.framework/Versions/A/RemoteViewServices
0x0000000001101000 	/System/Library/PrivateFrameworks/UIFoundation.framework/Versions/A/UIFoundation
0x0000000001101000 	/usr/lib/libScreenReader.dylib
0x0000000001101000 	/System/Library/Frameworks/Accelerate.framework/Versions/A/Accelerate
0x0000000001101000 	/System/Library/Frameworks/IOSurface.framework/Versions/A/IOSurface
0x0000000001101000 	/System/Library/Frameworks/AudioToolbox.framework/Versions/A/AudioToolbox
0x0000000001101000 	/System/Library/Frameworks/AudioUnit.framework/Versions/A/AudioUnit
0x0000000001101000 	/System/Library/PrivateFrameworks/DataDetectorsCore.framework/Versions/A/DataDetectorsCore
0x0000000001101000 	/System/Library/PrivateFrameworks/DesktopServicesPriv.framework/Versions/A/DesktopServicesPriv
0x0000000001101000 	/System/Library/Frameworks/Carbon.framework/Versions/A/Frameworks/HIToolbox.framework/Versions/A/HIToolbox
0x0000000001101000 	/System/Library/Frameworks/QuartzCore.framework/Versions/A/QuartzCore
0x0000000001101000 	/System/Library/Frameworks/Carbon.framework/Versions/A/Frameworks/SpeechRecognition.framework/Versions/A/SpeechRecognition
0x0000000001101000 	/usr/lib/libauto.dylib
0x0000000001101000 	/usr/lib/libicucore.A.dylib
0x0000000001101000 	/usr/lib/libxml2.2.dylib
0x0000000001101000 	/System/Library/PrivateFrameworks/CoreUI.framework/Versions/A/CoreUI
0x0000000001101000 	/System/Library/Frameworks/CoreAudio.framework/Versions/A/CoreAudio
0x0000000001101000 	/System/Library/Frameworks/DiskArbitration.framework/Versions/A/DiskArbitration
0x0000000001101000 	/usr/lib/liblangid.dylib
0x0000000001101000 	/System/Library/PrivateFrameworks/MultitouchSupport.framework/Versions/A/MultitouchSupport
0x0000000001101000 	/System/Library/Frameworks/IOKit.framework/Versions/A/IOKit
0x0000000001101000 	/usr/lib/libDiagnosticMessagesClient.dylib
0x0000000001101000 	/System/Library/Frameworks/CoreServices.framework/Versions/A/CoreServices
0x0000000001101000 	/System/Library/PrivateFrameworks/PerformanceAnalysis.framework/Versions/A/PerformanceAnalysis
0x0000000001101000 	/System/Library/PrivateFrameworks/GenerationalStorage.framework/Versions/A/GenerationalStorage
0x0000000001101000 	/System/Library/Frameworks/OpenGL.framework/Versions/A/OpenGL
0x0000000001101000 	/System/Library/PrivateFrameworks/Sharing.framework/Versions/A/Sharing
0x0000000001101000 	/System/Library/Frameworks/CoreGraphics.framework/Versions/A/CoreGraphics
0x0000000001101000 	/System/Library/Frameworks/CoreImage.framework/Versions/A/CoreImage
0x0000000001101000 	/System/Library/Frameworks/CoreText.framework/Versions/A/CoreText
0x0000000001101000 	/System/Library/Frameworks/ImageIO.framework/Versions/A/ImageIO
0x0000000001101000 	/System/Library/PrivateFrameworks/Backup.framework/Versions/A/Backup
0x0000000001101000 	/usr/lib/libextension.dylib
0x0000000001101000 	/usr/lib/libarchive.2.dylib
0x0000000001101000 	/System/Library/Frameworks/CFNetwork.framework/Versions/A/CFNetwork
0x0000000001101000 	/System/Library/Frameworks/SystemConfiguration.framework/Versions/A/SystemConfiguration
0x0000000001101000 	/usr/lib/libCRFSuite.dylib
0x0000000001101000 	/usr/lib/libc++.1.dylib
0x0000000001101000 	/usr/lib/libc++abi.dylib
0x0000000001101000 	/usr/lib/system/libcache.dylib
0x0000000001101000 	/usr/lib/system/libcommonCrypto.dylib
0x0000000001101000 	/usr/lib/system/libcompiler_rt.dylib
0x0000000001101000 	/usr/lib/system/libcopyfile.dylib
0x0000000001101000 	/usr/lib/system/libcorecrypto.dylib
0x0000000001101000 	/usr/lib/system/libdispatch.dylib
0x0000000001101000 	/usr/lib/system/libdyld.dylib
0x0000000001101000 	/usr/lib/system/libkeymgr.dylib
0x0000000001101000 	/usr/lib/system/liblaunch.dylib
0x0000000001101000 	/usr/lib/system/libmacho.dylib
0x0000000001101000 	/usr/lib/system/libquarantine.dylib
0x0000000001101000 	/usr/lib/system/libremovefile.dylib
0x0000000001101000 	/usr/lib/system/libsystem_asl.dylib
0x0000000001101000 	/usr/lib/system/libsystem_blocks.dylib
0x0000000001101000 	/usr/lib/system/libsystem_c.dylib
0x0000000001101000 	/usr/lib/system/libsystem_configuration.dylib
0x0000000001101000 	/usr/lib/system/libsystem_coreservices.dylib
0x0000000001101000 	/usr/lib/system/libsystem_coretls.dylib
0x0000000001101000 	/usr/lib/system/libsystem_dnssd.dylib
0x0000000001101000 	/usr/lib/system/libsystem_info.dylib
0x0000000001101000 	/usr/lib/system/libsystem_kernel.dylib
0x0000000001101000 	/usr/lib/system/libsystem_m.dylib
0x0000000001101000 	/usr/lib/system/libsystem_malloc.dylib
0x0000000001101000 	/usr/lib/system/libsystem_network.dylib
0x0000000001101000 	/usr/lib/system/libsystem_networkextension.dylib
0x0000000001101000 	/usr/lib/system/libsystem_notify.dylib
0x0000000001101000 	/usr/lib/system/libsystem_platform.dylib
0x0000000001101000 	/usr/lib/system/libsystem_pthread.dylib
0x0000000001101000 	/usr/lib/system/libsystem_sandbox.dylib
0x0000000001101000 	/usr/lib/system/libsystem_secinit.dylib
0x0000000001101000 	/usr/lib/system/libsystem_trace.dylib
0x0000000001101000 	/usr/lib/system/libunc.dylib
0x0000000001101000 	/usr/lib/system/libunwind.dylib
0x0000000001101000 	/usr/lib/system/libxpc.dylib
0x0000000001101000 	/usr/lib/libenergytrace.dylib
0x0000000001101000 	/usr/lib/libbsm.0.dylib
0x0000000001101000 	/usr/lib/system/libkxld.dylib
0x0000000001101000 	/usr/lib/libxar.1.dylib
0x0000000001101000 	/usr/lib/libsqlite3.dylib
0x0000000001101000 	/usr/lib/libpam.2.dylib
0x0000000001101000 	/usr/lib/libOpenScriptingUtil.dylib
0x0000000001101000 	/usr/lib/libbz2.1.0.dylib
0x0000000001101000 	/usr/lib/liblzma.5.dylib
0x0000000001101000 	/System/Library/Frameworks/CoreServices.framework/Versions/A/Frameworks/FSEvents.framework/Versions/A/FSEvents
0x0000000001101000 	/System/Library/Frameworks/CoreServices.framework/Versions/A/Frameworks/CarbonCore.framework/Versions/A/CarbonCore
0x0000000001101000 	/System/Library/Frameworks/CoreServices.framework/Versions/A/Frameworks/Metadata.framework/Versions/A/Metadata
0x0000000001101000 	/System/Library/Frameworks/CoreServices.framework/Versions/A/Frameworks/OSServices.framework/Versions/A/OSServices
0x0000000001101000 	/System/Library/Frameworks/CoreServices.framework/Versions/A/Frameworks/SearchKit.framework/Versions/A/SearchKit
0x0000000001101000 	/System/Library/Frameworks/CoreServices.framework/Versions/A/Frameworks/AE.framework/Versions/A/AE
0x0000000001101000 	/System/Library/Frameworks/CoreServices.framework/Versions/A/Frameworks/LaunchServices.framework/Versions/A/LaunchServices
0x0000000001101000 	/System/Library/Frameworks/CoreServices.framework/Versions/A/Frameworks/DictionaryServices.framework/Versions/A/DictionaryServices
0x0000000001101000 	/System/Library/Frameworks/CoreServices.framework/Versions/A/Frameworks/SharedFileList.framework/Versions/A/SharedFileList
0x0000000001101000 	/System/Library/Frameworks/NetFS.framework/Versions/A/NetFS
0x0000000001101000 	/System/Library/PrivateFrameworks/NetAuth.framework/Versions/A/NetAuth
0x0000000001101000 	/System/Library/PrivateFrameworks/login.framework/Versions/A/Frameworks/loginsupport.framework/Versions/A/loginsupport
0x0000000001101000 	/System/Library/PrivateFrameworks/TCC.framework/Versions/A/TCC
0x0000000001101000 	/usr/lib/libmecabra.dylib
0x0000000001101000 	/System/Library/Frameworks/ApplicationServices.framework/Versions/A/Frameworks/ATS.framework/Versions/A/ATS
0x0000000001101000 	/System/Library/Frameworks/ApplicationServices.framework/Versions/A/Frameworks/ColorSync.framework/Versions/A/ColorSync
0x0000000001101000 	/System/Library/Frameworks/ApplicationServices.framework/Versions/A/Frameworks/HIServices.framework/Versions/A/HIServices
0x0000000001101000 	/System/Library/Frameworks/ApplicationServices.framework/Versions/A/Frameworks/LangAnalysis.framework/Versions/A/LangAnalysis
0x0000000001101000 	/System/Library/Frameworks/ApplicationServices.framework/Versions/A/Frameworks/PrintCore.framework/Versions/A/PrintCore
0x0000000001101000 	/System/Library/Frameworks/ApplicationServices.framework/Versions/A/Frameworks/QD.framework/Versions/A/QD
0x0000000001101000 	/System/Library/Frameworks/ApplicationServices.framework/Versions/A/Frameworks/SpeechSynthesis.framework/Versions/A/SpeechSynthesis
0x0000000001101000 	/System/Library/Frameworks/Metal.framework/Versions/A/Metal
0x0000000001101000 	/System/Library/Frameworks/Accelerate.framework/Versions/A/Frameworks/vImage.framework/Versions/A/vImage
0x0000000001101000 	/System/Library/Frameworks/Accelerate.framework/Versions/A/Frameworks/vecLib.framework/Versions/A/vecLib
0x0000000001101000 	/System/Library/Frameworks/Accelerate.framework/Versions/A/Frameworks/vecLib.framework/Versions/A/libvDSP.dylib
0x0000000001101000 	/System/Library/Frameworks/Accelerate.framework/Versions/A/Frameworks/vecLib.framework/Versions/A/libvMisc.dylib
0x0000000001101000 	/System/Library/Frameworks/Accelerate.framework/Versions/A/Frameworks/vecLib.framework/Versions/A/libLAPACK.dylib
0x0000000001101000 	/System/Library/Frameworks/Accelerate.framework/Versions/A/Frameworks/vecLib.framework/Versions/A/libBLAS.dylib
0x0000000001101000 	/System/Library/Frameworks/Accelerate.framework/Versions/A/Frameworks/vecLib.framework/Versions/A/libLinearAlgebra.dylib
0x0000000001101000 	/System/Library/Frameworks/Accelerate.framework/Versions/A/Frameworks/vecLib.framework/Versions/A/libSparseBLAS.dylib
0x0000000001101000 	/System/Library/PrivateFrameworks/GPUCompiler.framework/libmetal_timestamp.dylib
0x0000000001101000 	/System/Library/Frameworks/OpenGL.framework/Versions/A/Libraries/libCoreFSCache.dylib
0x0000000001101000 	/System/Library/PrivateFrameworks/IOAccelerator.framework/Versions/A/IOAccelerator
0x0000000001101000 	/System/Library/Frameworks/ApplicationServices.framework/Versions/A/Frameworks/ATS.framework/Versions/A/Resources/libFontParser.dylib
0x0000000001101000 	/System/Library/Frameworks/ApplicationServices.framework/Versions/A/Frameworks/ATS.framework/Versions/A/Resources/libFontRegistry.dylib
0x0000000001101000 	/System/Library/PrivateFrameworks/AppleVPA.framework/Versions/A/AppleVPA
0x0000000001101000 	/System/Library/PrivateFrameworks/AppleJPEG.framework/Versions/A/AppleJPEG
0x0000000001101000 	/System/Library/Frameworks/ImageIO.framework/Versions/A/Resources/libJPEG.dylib
0x0000000001101000 	/System/Library/Frameworks/ImageIO.framework/Versions/A/Resources/libTIFF.dylib
0x0000000001101000 	/System/Library/Frameworks/ImageIO.framework/Versions/A/Resources/libPng.dylib
0x0000000001101000 	/System/Library/Frameworks/ImageIO.framework/Versions/A/Resources/libGIF.dylib
0x0000000001101000 	/System/Library/Frameworks/ImageIO.framework/Versions/A/Resources/libJP2.dylib
0x0000000001101000 	/System/Library/Frameworks/ImageIO.framework/Versions/A/Resources/libRadiance.dylib
0x0000000001101000 	/System/Library/Frameworks/CoreVideo.framework/Versions/A/CoreVideo
0x0000000001101000 	/System/Library/Frameworks/OpenGL.framework/Versions/A/Libraries/libGLU.dylib
0x0000000001101000 	/System/Library/Frameworks/OpenGL.framework/Versions/A/Libraries/libGFXShared.dylib
0x0000000001101000 	/System/Library/Frameworks/OpenGL.framework/Versions/A/Libraries/libGL.dylib
0x0000000001101000 	/System/Library/Frameworks/OpenGL.framework/Versions/A/Libraries/libGLImage.dylib
0x0000000001101000 	/System/Library/Frameworks/OpenGL.framework/Versions/A/Libraries/libCVMSPluginSupport.dylib
0x0000000001101000 	/System/Library/Frameworks/OpenGL.framework/Versions/A/Libraries/libCoreVMClient.dylib
0x0000000001101000 	/usr/lib/libcompression.dylib
0x0000000001101000 	/usr/lib/libcups.2.dylib
0x0000000001101000 	/System/Library/Frameworks/Kerberos.framework/Versions/A/Kerberos
0x0000000001101000 	/System/Library/Frameworks/GSS.framework/Versions/A/GSS
0x0000000001101000 	/usr/lib/libresolv.9.dylib
0x0000000001101000 	/usr/lib/libiconv.2.dylib
0x0000000001101000 	/System/Library/PrivateFrameworks/Heimdal.framework/Versions/A/Heimdal
0x0000000001101000 	/usr/lib/libheimdal-asn1.dylib
0x0000000001101000 	/System/Library/Frameworks/OpenDirectory.framework/Versions/A/OpenDirectory
0x0000000001101000 	/System/Library/PrivateFrameworks/CommonAuth.framework/Versions/A/CommonAuth
0x0000000001101000 	/System/Library/Frameworks/OpenDirectory.framework/Versions/A/Frameworks/CFOpenDirectory.framework/Versions/A/CFOpenDirectory
0x0000000001101000 	/System/Library/Frameworks/SecurityFoundation.framework/Versions/A/SecurityFoundation
0x0000000001101000 	/System/Library/PrivateFrameworks/LanguageModeling.framework/Versions/A/LanguageModeling
0x0000000001101000 	/usr/lib/libmarisa.dylib
0x0000000001101000 	/usr/lib/libChineseTokenizer.dylib
0x0000000001101000 	/usr/lib/libcmph.dylib
0x0000000001101000 	/System/Library/Frameworks/ServiceManagement.framework/Versions/A/ServiceManagement
0x0000000001101000 	/usr/lib/libxslt.1.dylib
0x0000000001101000 	/System/Library/Frameworks/Carbon.framework/Versions/A/Frameworks/Ink.framework/Versions/A/Ink
0x0000000001101000 	/usr/lib/libFosl_dynamic.dylib
0x0000000001101000 	/System/Library/PrivateFrameworks/FaceCore.framework/Versions/A/FaceCore
0x0000000001101000 	/System/Library/Frameworks/OpenCL.framework/Versions/A/OpenCL
0x0000000001101000 	/System/Library/PrivateFrameworks/CrashReporterSupport.framework/Versions/A/CrashReporterSupport
0x0000000001101000 	/System/Library/PrivateFrameworks/IconServices.framework/Versions/A/IconServices
0x0000000001101000 	/System/Library/PrivateFrameworks/Apple80211.framework/Versions/A/Apple80211
0x0000000001101000 	/System/Library/Frameworks/CoreWLAN.framework/Versions/A/CoreWLAN
0x0000000001101000 	/System/Library/Frameworks/IOBluetooth.framework/Versions/A/IOBluetooth
0x0000000001101000 	/System/Library/PrivateFrameworks/CoreWiFi.framework/Versions/A/CoreWiFi
0x0000000001101000 	/System/Library/Frameworks/CoreBluetooth.framework/Versions/A/CoreBluetooth
0x0000000001101000 	/System/Library/PrivateFrameworks/ChunkingLibrary.framework/Versions/A/ChunkingLibrary
0x0000000001101000 	/System/Library/PrivateFrameworks/DebugSymbols.framework/Versions/A/DebugSymbols
0x0000000001101000 	/System/Library/PrivateFrameworks/CoreSymbolication.framework/Versions/A/CoreSymbolication
0x0000000001101000 	/System/Library/PrivateFrameworks/Symbolication.framework/Versions/A/Symbolication
0x0000000001101000 	/System/Library/PrivateFrameworks/SpeechRecognitionCore.framework/Versions/A/SpeechRecognitionCore
0x0000000102400000 	/Library/Java/JavaVirtualMachines/jdk1.8.0_112.jdk/Contents/Home/jre/lib/server/libjvm.dylib
0x0000000001101000 	/usr/lib/libstdc++.6.dylib
0x0000000101369000 	/Library/Java/JavaVirtualMachines/jdk1.8.0_112.jdk/Contents/Home/jre/lib/libverify.dylib
0x0000000101377000 	/Library/Java/JavaVirtualMachines/jdk1.8.0_112.jdk/Contents/Home/jre/lib/libjava.dylib
0x00000001013b6000 	/Library/Java/JavaVirtualMachines/jdk1.8.0_112.jdk/Contents/Home/jre/lib/libzip.dylib
0x000000013a51f000 	/System/Library/Frameworks/JavaVM.framework/Frameworks/JavaRuntimeSupport.framework/JavaRuntimeSupport
0x00000001013e8000 	/System/Library/Frameworks/JavaVM.framework/Versions/A/Frameworks/JavaNativeFoundation.framework/Versions/A/JavaNativeFoundation
0x000000013a53a000 	/System/Library/Frameworks/JavaVM.framework/Versions/A/JavaVM
0x0000000001101000 	/System/Library/Frameworks/Carbon.framework/Versions/A/Carbon
0x000000013a547000 	/System/Library/PrivateFrameworks/JavaLaunching.framework/Versions/A/JavaLaunching
0x0000000001101000 	/System/Library/Frameworks/Carbon.framework/Versions/A/Frameworks/CommonPanels.framework/Versions/A/CommonPanels
0x0000000001101000 	/System/Library/Frameworks/Carbon.framework/Versions/A/Frameworks/Help.framework/Versions/A/Help
0x0000000001101000 	/System/Library/Frameworks/Carbon.framework/Versions/A/Frameworks/ImageCapture.framework/Versions/A/ImageCapture
0x0000000001101000 	/System/Library/Frameworks/Carbon.framework/Versions/A/Frameworks/OpenScripting.framework/Versions/A/OpenScripting
0x0000000001101000 	/System/Library/Frameworks/Carbon.framework/Versions/A/Frameworks/Print.framework/Versions/A/Print
0x0000000001101000 	/System/Library/Frameworks/Carbon.framework/Versions/A/Frameworks/SecurityHI.framework/Versions/A/SecurityHI

VM Arguments:
jvm_args: -Xmx256M -Xms32M -Xmx16g -Xbootclasspath/a:/usr/local/Cellar/scala@2.11/2.11.11/libexec/lib/akka-actor_2.11-2.3.16.jar:/usr/local/Cellar/scala@2.11/2.11.11/libexec/lib/config-1.2.1.jar:/usr/local/Cellar/scala@2.11/2.11.11/libexec/lib/jline-2.14.3.jar:/usr/local/Cellar/scala@2.11/2.11.11/libexec/lib/scala-actors-2.11.0.jar:/usr/local/Cellar/scala@2.11/2.11.11/libexec/lib/scala-actors-migration_2.11-1.1.0.jar:/usr/local/Cellar/scala@2.11/2.11.11/libexec/lib/scala-compiler.jar:/usr/local/Cellar/scala@2.11/2.11.11/libexec/lib/scala-continuations-library_2.11-1.0.2.jar:/usr/local/Cellar/scala@2.11/2.11.11/libexec/lib/scala-continuations-plugin_2.11.11-1.0.2.jar:/usr/local/Cellar/scala@2.11/2.11.11/libexec/lib/scala-library.jar:/usr/local/Cellar/scala@2.11/2.11.11/libexec/lib/scala-parser-combinators_2.11-1.0.4.jar:/usr/local/Cellar/scala@2.11/2.11.11/libexec/lib/scala-reflect.jar:/usr/local/Cellar/scala@2.11/2.11.11/libexec/lib/scala-swing_2.11-1.0.2.jar:/usr/local/Cellar/scala@2.11/2.11.11/libexec/lib/scala-xml_2.11-1.0.5.jar:/usr/local/Cellar/scala@2.11/2.11.11/libexec/lib/scalap-2.11.11.jar -Dscala.home=/usr/local/Cellar/scala@2.11/2.11.11/libexec -Dscala.usejavacp=true -Denv.emacs= 
java_command: scala.tools.nsc.MainGenericRunner -J-Xmx16g -cp /Users/ryandavis/Documents/Workspace/Russell/russell/target/russell-0.0.1-jar-with-dependencies.jar com.rrdinsights.russell.investigation.shots.ScoreShotsCalculator --season 2017-18
java_class_path (initial): ""
Launcher Type: SUN_STANDARD

Environment Variables:
PATH=/Users/ryandavis/anaconda/bin:/Users/ryandavis/anaconda/bin:/Users/ryandavis/anaconda3/anaconda/bin:/Users/ryandavis/anaconda/bin:/usr/local/bin:/usr/bin:/bin:/usr/sbin:/sbin
SHELL=/bin/bash

Signal Handlers:
SIGSEGV: [libjvm.dylib+0x5b11a5], sa_mask[0]=11111111011111110111111111111111, sa_flags=SA_ONSTACK|SA_RESTART|SA_SIGINFO
SIGBUS: [libjvm.dylib+0x5b11a5], sa_mask[0]=11111111011111110111111111111111, sa_flags=SA_RESTART|SA_SIGINFO
SIGFPE: [libjvm.dylib+0x487dc0], sa_mask[0]=11111111011111110111111111111111, sa_flags=SA_RESTART|SA_SIGINFO
SIGPIPE: [libjvm.dylib+0x487dc0], sa_mask[0]=11111111011111110111111111111111, sa_flags=SA_RESTART|SA_SIGINFO
SIGXFSZ: [libjvm.dylib+0x487dc0], sa_mask[0]=11111111011111110111111111111111, sa_flags=SA_RESTART|SA_SIGINFO
SIGILL: [libjvm.dylib+0x487dc0], sa_mask[0]=11111111011111110111111111111111, sa_flags=SA_RESTART|SA_SIGINFO
SIGUSR1: SIG_DFL, sa_mask[0]=11011111011111100000000111000110, sa_flags=none
SIGUSR2: [libjvm.dylib+0x4878de], sa_mask[0]=00000000000000000000000000000000, sa_flags=SA_RESTART|SA_SIGINFO
SIGHUP: [libjvm.dylib+0x485eb5], sa_mask[0]=11111111011111110111111111111111, sa_flags=SA_RESTART|SA_SIGINFO
SIGINT: [libjvm.dylib+0x485eb5], sa_mask[0]=11111111011111110111111111111111, sa_flags=SA_RESTART|SA_SIGINFO
SIGTERM: [libjvm.dylib+0x485eb5], sa_mask[0]=11111111011111110111111111111111, sa_flags=SA_RESTART|SA_SIGINFO
SIGQUIT: [libjvm.dylib+0x485eb5], sa_mask[0]=11111111011111110111111111111111, sa_flags=SA_RESTART|SA_SIGINFO


---------------  S Y S T E M  ---------------

OS:Bsduname:Darwin 15.6.0 Darwin Kernel Version 15.6.0: Sun Jun  4 21:43:07 PDT 2017; root:xnu-3248.70.3~1/RELEASE_X86_64 x86_64
rlimit: STACK 8192k, CORE 0k, NPROC 709, NOFILE 10240, AS infinity
load average:3.22 3.00 2.64

CPU:total 8 (4 cores per cpu, 2 threads per core) family 6 model 70 stepping 1, cmov, cx8, fxsr, mmx, sse, sse2, sse3, ssse3, sse4.1, sse4.2, popcnt, avx, avx2, aes, clmul, erms, lzcnt, ht, tsc, tscinvbit, bmi1, bmi2

Memory: 4k page, physical 16777216k(3270696k free)

/proc/meminfo:


vm_info: Java HotSpot(TM) 64-Bit Server VM (25.112-b16) for bsd-amd64 JRE (1.8.0_112-b16), built on Sep 30 2016 22:41:41 by "java_re" with gcc 4.2.1 (Based on Apple Inc. build 5658) (LLVM build 2336.11.00)

time: Sun Nov 19 00:44:56 2017
elapsed time: 0 seconds (0d 0h 0m 0s)

