#
# A fatal error has been detected by the Java Runtime Environment:
#
#  SIGBUS (0xa) at pc=0x0000000101ee5e92, pid=3630, tid=0x0000000000000b07
#
# JRE version: Java(TM) SE Runtime Environment (8.0_112-b16) (build 1.8.0_112-b16)
# Java VM: Java HotSpot(TM) 64-Bit Server VM (25.112-b16 mixed mode bsd-amd64 compressed oops)
# Problematic frame:
# C  [libzip.dylib+0x2e92]  newEntry+0x154
#
# Failed to write core dump. Core dumps have been disabled. To enable core dumping, try "ulimit -c unlimited" before starting Java again
#
# If you would like to submit a bug report, please visit:
#   http://bugreport.java.com/bugreport/crash.jsp
# The crash happened outside the Java Virtual Machine in native code.
# See problematic frame for where to report the bug.
#

---------------  T H R E A D  ---------------

Current thread (0x00007f90e1002800):  JavaThread "main" [_thread_in_native, id=2823, stack(0x000070000011a000,0x000070000021a000)]

siginfo: si_signo: 10 (SIGBUS), si_code: 2 (BUS_ADRERR), si_addr: 0x000000012a3012db

Registers:
RAX=0x00007f90e0711b80, RBX=0x000000012a3012cf, RCX=0x0000000000000c00, RDX=0x0000000000000000
RSP=0x0000700000216dd0, RBP=0x0000700000216e30, RSI=0x00007f90e0600000, RDI=0x0000000101c34a00
R8 =0x0000000000000004, R9 =0x00000000ff000000, R10=0x00000001041969d8, R11=0x00006ff8ea026d8e
R12=0x000000012a856000, R13=0x0000000000043070, R14=0x00000000dc69affc, R15=0x00007f90e07a15c0
RIP=0x0000000101ee5e92, EFLAGS=0x0000000000010206, ERR=0x0000000000000004
  TRAPNO=0x000000000000000e

Top of Stack: (sp=0x0000700000216dd0)
0x0000700000216dd0:   1f3174732c8f6048 0000000003061d30
0x0000700000216de0:   546d726966664116 74654e202c838410
0x0000700000216df0:   0000700000216e10 00007f90e0711b80
0x0000700000216e00:   00007f90e06c8730 00007f90e0711b80
0x0000700000216e10:   000000012a856000 0000000000043070
0x0000700000216e20:   00000000dc69affc 00007f90e07a15c0
0x0000700000216e30:   0000700000216e90 0000000101ee652d
0x0000700000216e40:   0000700000216ed8 0000700000216ed7
0x0000700000216e50:   0000002800000000 0000002901002800
0x0000700000216e60:   0000700000216eae 00007000002172f8
0x0000700000216e70:   0000000000000029 0000700000216eae
0x0000700000216e80:   00007f90e0711b80 00007f90e10029f8
0x0000700000216e90:   00007000002172e0 0000000101ee5238
0x0000700000216ea0:   84849b2ff649375c 726f309d00000001
0x0000700000216eb0:   6568636170612f67 6c632f707474682f
0x0000700000216ec0:   7265762f746e6569 6f72702e6e6f6973
0x0000700000216ed0:   0073656974726570 b79a6b23909abb00
0x0000700000216ee0:   9eb95f1e0c877488 76bbdc2b2cb02838
0x0000700000216ef0:   a21e8c08084c933e 99ba22ad6ad41c23
0x0000700000216f00:   6624becb656d2e01 d71bb144404b2455
0x0000700000216f10:   3d3f10dec085c2e1 dc5323f1f1fcb8ed
0x0000700000216f20:   7140f9d96f9765bf a0beced495bd7d8d
0x0000700000216f30:   26d0a6fdde23275e 3df0463ceb29000e
0x0000700000216f40:   4126dcd2503fbf60 70a304422cb00a40
0x0000700000216f50:   7bfa2ded871ba857 198966a92c8f6228
0x0000700000216f60:   cf613644ddf941cb 92f4f67d2c8f6478
0x0000700000216f70:   7e72f134dbfd3681 030215b4bd160cf3
0x0000700000216f80:   30403042a3010001 16040e1d5503061d
0x0000700000216f90:   da9ce7d21f071404 507ab0b440a26ec2
0x0000700000216fa0:   0f30bdc8c4745010 ff0101131d550306
0x0000700000216fb0:   30ff010103300504 01010f1d5503060e
0x0000700000216fc0:   300601022c8f59a0 f78648862c8f6458 

Instructions: (pc=0x0000000101ee5e92)
0x0000000101ee5e72:   49 8b 7f 38 e8 5b 1b 00 00 4d 89 77 38 49 89 5f
0x0000000101ee5e82:   40 4c 89 f0 48 85 c0 0f 84 11 05 00 00 48 89 c3
0x0000000101ee5e92:   0f b6 43 0c 0f b6 4b 0d 48 c1 e1 08 48 01 c1 0f
0x0000000101ee5ea2:   b6 43 0e 0f b6 53 0f 48 c1 e2 08 48 01 c2 48 c1 

Register to memory mapping:

RAX=0x00007f90e0711b80 is an unknown value
RBX=0x000000012a3012cf is an unknown value
RCX=0x0000000000000c00 is an unknown value
RDX=0x0000000000000000 is an unknown value
RSP=0x0000700000216dd0 is pointing into the stack for thread: 0x00007f90e1002800
RBP=0x0000700000216e30 is pointing into the stack for thread: 0x00007f90e1002800
RSI=0x00007f90e0600000 is an unknown value
RDI=0x0000000101c34a00 is an unknown value
R8 =0x0000000000000004 is an unknown value
R9 =0x00000000ff000000 is an unknown value
R10=0x00000001041969d8 is at entry_point+88 in (nmethod*)0x0000000104196810
R11=0x00006ff8ea026d8e is an unknown value
R12=0x000000012a856000 is an unknown value
R13=0x0000000000043070 is an unknown value
R14=0x00000000dc69affc is an unknown value
R15=0x00007f90e07a15c0 is an unknown value


Stack: [0x000070000011a000,0x000070000021a000],  sp=0x0000700000216dd0,  free space=1011k
Native frames: (J=compiled Java code, j=interpreted, Vv=VM code, C=native code)
C  [libzip.dylib+0x2e92]  newEntry+0x154
C  [libzip.dylib+0x352d]  ZIP_GetEntry2+0xd4
C  [libzip.dylib+0x2238]  Java_java_util_zip_ZipFile_getEntry+0xcf
J 559  java.util.zip.ZipFile.getEntry(J[BZ)J (0 bytes) @ 0x0000000104196a4e [0x0000000104196980+0xce]
J 2318 C2 java.util.jar.JarFile.getEntry(Ljava/lang/String;)Ljava/util/zip/ZipEntry; (22 bytes) @ 0x000000010464228c [0x0000000104641f20+0x36c]
J 2348 C2 sun.misc.URLClassPath$JarLoader.getResource(Ljava/lang/String;Z)Lsun/misc/Resource; (85 bytes) @ 0x0000000104664dbc [0x0000000104664ba0+0x21c]
J 3853 C2 sun.misc.URLClassPath$JarLoader.findResource(Ljava/lang/String;Z)Ljava/net/URL; (18 bytes) @ 0x0000000104770454 [0x0000000104770420+0x34]
J 3548 C1 sun.misc.URLClassPath.findResource(Ljava/lang/String;Z)Ljava/net/URL; (47 bytes) @ 0x00000001042ecfdc [0x00000001042ece80+0x15c]
j  java.net.URLClassLoader$2.run()Ljava/net/URL;+12
j  java.net.URLClassLoader$2.run()Ljava/lang/Object;+1
v  ~StubRoutines::call_stub
V  [libjvm.dylib+0x2edbd2]
V  [libjvm.dylib+0x34e310]
J 4048  java.security.AccessController.doPrivileged(Ljava/security/PrivilegedAction;Ljava/security/AccessControlContext;)Ljava/lang/Object; (0 bytes) @ 0x00000001047df6d5 [0x00000001047df600+0xd5]
J 4068 C1 java.net.URLClassLoader.findResource(Ljava/lang/String;)Ljava/net/URL; (37 bytes) @ 0x000000010491cb94 [0x000000010491ca00+0x194]
J 4061 C1 java.lang.ClassLoader.getResource(Ljava/lang/String;)Ljava/net/URL; (36 bytes) @ 0x000000010491bf64 [0x000000010491baa0+0x4c4]
J 4100 C1 java.net.URLClassLoader.getResourceAsStream(Ljava/lang/String;)Ljava/io/InputStream; (137 bytes) @ 0x0000000104938184 [0x0000000104938080+0x104]
j  org.apache.http.util.VersionInfo.loadVersionInfo(Ljava/lang/String;Ljava/lang/ClassLoader;)Lorg/apache/http/util/VersionInfo;+56
j  org.apache.http.util.VersionInfo.getUserAgent(Ljava/lang/String;Ljava/lang/String;Ljava/lang/Class;)Ljava/lang/String;+5
j  org.apache.http.impl.client.HttpClientBuilder.build()Lorg/apache/http/impl/client/CloseableHttpClient;+544
j  com.rrdinsights.scalabrine.ScalabrineClient$.get(Lcom/rrdinsights/scalabrine/endpoints/Endpoint;)Lorg/json4s/JsonAST$JValue;+41
j  com.rrdinsights.scalabrine.ScalabrineClient$.getBasicSplitsPerPos(Lcom/rrdinsights/scalabrine/endpoints/PlayerBasicSplitsEndpoint;)Lcom/rrdinsights/scalabrine/models/PlayerBasicSplitsResponse;+5
j  com.rrdinsights.russell.etl.application.BasicPlayerSplitsDownloader$.com$rrdinsights$russell$etl$application$BasicPlayerSplitsDownloader$$downloadPlayerBasicSplits(Lcom/rrdinsights/scalabrine/parameters/ParameterValue;Lcom/rrdinsights/scalabrine/parameters/ParameterValue;)Lscala/Option;+146
J 4159 C1 com.rrdinsights.russell.etl.application.BasicPlayerSplitsDownloader$$anonfun$downloadAllPlayerBasicSplits$3.apply(Ljava/lang/Object;)Ljava/lang/Object; (9 bytes) @ 0x000000010495dc94 [0x000000010495d6a0+0x5f4]
J 3315 C2 scala.collection.TraversableLike$$anonfun$flatMap$1.apply(Ljava/lang/Object;)Ljava/lang/Object; (6 bytes) @ 0x000000010437e568 [0x000000010437dda0+0x7c8]
J 231 C1 scala.collection.immutable.List.foreach(Lscala/Function1;)V (32 bytes) @ 0x00000001040f6784 [0x00000001040f65c0+0x1c4]
j  scala.collection.generic.TraversableForwarder$class.foreach(Lscala/collection/generic/TraversableForwarder;Lscala/Function1;)V+7
j  scala.collection.mutable.ListBuffer.foreach(Lscala/Function1;)V+2
J 1040 C1 scala.collection.AbstractTraversable.flatMap(Lscala/Function1;Lscala/collection/generic/CanBuildFrom;)Ljava/lang/Object; (7 bytes) @ 0x000000010426f2d4 [0x000000010426ee20+0x4b4]
j  com.rrdinsights.russell.etl.application.BasicPlayerSplitsDownloader$.downloadAllPlayerBasicSplits(Lscala/collection/Seq;Ljava/lang/String;)Lscala/collection/Seq;+65
j  com.rrdinsights.russell.etl.application.BasicPlayerSplitsDownloader$.downloadAndWriteAllPlayerBasicSplits(Lscala/collection/Seq;Ljava/lang/String;Ljava/lang/String;)V+3
j  com.rrdinsights.russell.etl.driver.PlayerStats$.downloadAndWritePlayerStats(Lcom/rrdinsights/russell/etl/driver/PlayerStatsArguments;Ljava/lang/String;Lscala/collection/Seq;)V+50
j  com.rrdinsights.russell.etl.driver.PlayerStats$.main([Ljava/lang/String;)V+113
j  com.rrdinsights.russell.etl.driver.PlayerStats.main([Ljava/lang/String;)V+4
v  ~StubRoutines::call_stub
V  [libjvm.dylib+0x2edbd2]
V  [libjvm.dylib+0x4d28c0]
V  [libjvm.dylib+0x4d2df4]
V  [libjvm.dylib+0x345fb4]
j  sun.reflect.NativeMethodAccessorImpl.invoke0(Ljava/lang/reflect/Method;Ljava/lang/Object;[Ljava/lang/Object;)Ljava/lang/Object;+0
j  sun.reflect.NativeMethodAccessorImpl.invoke(Ljava/lang/Object;[Ljava/lang/Object;)Ljava/lang/Object;+100
j  sun.reflect.DelegatingMethodAccessorImpl.invoke(Ljava/lang/Object;[Ljava/lang/Object;)Ljava/lang/Object;+6
j  java.lang.reflect.Method.invoke(Ljava/lang/Object;[Ljava/lang/Object;)Ljava/lang/Object;+56
j  scala.reflect.internal.util.ScalaClassLoader$$anonfun$run$1.apply()Ljava/lang/Object;+32
j  scala.reflect.internal.util.ScalaClassLoader$class.asContext(Lscala/reflect/internal/util/ScalaClassLoader;Lscala/Function0;)Ljava/lang/Object;+18
j  scala.reflect.internal.util.ScalaClassLoader$URLClassLoader.asContext(Lscala/Function0;)Ljava/lang/Object;+2
j  scala.reflect.internal.util.ScalaClassLoader$class.run(Lscala/reflect/internal/util/ScalaClassLoader;Ljava/lang/String;Lscala/collection/Seq;)V+76
j  scala.reflect.internal.util.ScalaClassLoader$URLClassLoader.run(Ljava/lang/String;Lscala/collection/Seq;)V+3
j  scala.tools.nsc.CommonRunner$class.run(Lscala/tools/nsc/CommonRunner;Lscala/collection/Seq;Ljava/lang/String;Lscala/collection/Seq;)V+15
j  scala.tools.nsc.ObjectRunner$.run(Lscala/collection/Seq;Ljava/lang/String;Lscala/collection/Seq;)V+4
j  scala.tools.nsc.CommonRunner$class.runAndCatch(Lscala/tools/nsc/CommonRunner;Lscala/collection/Seq;Ljava/lang/String;Lscala/collection/Seq;)Lscala/util/Either;+4
j  scala.tools.nsc.ObjectRunner$.runAndCatch(Lscala/collection/Seq;Ljava/lang/String;Lscala/collection/Seq;)Lscala/util/Either;+4
j  scala.tools.nsc.MainGenericRunner.runTarget$1(Lscala/tools/nsc/GenericRunnerCommand;)Lscala/util/Either;+33
j  scala.tools.nsc.MainGenericRunner.run$1(Lscala/tools/nsc/GenericRunnerCommand;)Z+72
j  scala.tools.nsc.MainGenericRunner.process([Ljava/lang/String;)Z+78
j  scala.tools.nsc.MainGenericRunner$.main([Ljava/lang/String;)V+2
j  scala.tools.nsc.MainGenericRunner.main([Ljava/lang/String;)V+4
v  ~StubRoutines::call_stub
V  [libjvm.dylib+0x2edbd2]
V  [libjvm.dylib+0x3249ca]
V  [libjvm.dylib+0x31d741]
C  [java+0x3931]  JavaMain+0x9c4
C  [libsystem_pthread.dylib+0x399d]  _pthread_body+0x83
C  [libsystem_pthread.dylib+0x391a]  _pthread_body+0x0
C  [libsystem_pthread.dylib+0x1351]  thread_start+0xd
C  0x0000000000000000

Java frames: (J=compiled Java code, j=interpreted, Vv=VM code)
J 559  java.util.zip.ZipFile.getEntry(J[BZ)J (0 bytes) @ 0x00000001041969d8 [0x0000000104196980+0x58]
J 2318 C2 java.util.jar.JarFile.getEntry(Ljava/lang/String;)Ljava/util/zip/ZipEntry; (22 bytes) @ 0x000000010464228c [0x0000000104641f20+0x36c]
J 2348 C2 sun.misc.URLClassPath$JarLoader.getResource(Ljava/lang/String;Z)Lsun/misc/Resource; (85 bytes) @ 0x0000000104664dbc [0x0000000104664ba0+0x21c]
J 3853 C2 sun.misc.URLClassPath$JarLoader.findResource(Ljava/lang/String;Z)Ljava/net/URL; (18 bytes) @ 0x0000000104770454 [0x0000000104770420+0x34]
J 3548 C1 sun.misc.URLClassPath.findResource(Ljava/lang/String;Z)Ljava/net/URL; (47 bytes) @ 0x00000001042ecfdc [0x00000001042ece80+0x15c]
j  java.net.URLClassLoader$2.run()Ljava/net/URL;+12
j  java.net.URLClassLoader$2.run()Ljava/lang/Object;+1
v  ~StubRoutines::call_stub
J 4048  java.security.AccessController.doPrivileged(Ljava/security/PrivilegedAction;Ljava/security/AccessControlContext;)Ljava/lang/Object; (0 bytes) @ 0x00000001047df663 [0x00000001047df600+0x63]
J 4068 C1 java.net.URLClassLoader.findResource(Ljava/lang/String;)Ljava/net/URL; (37 bytes) @ 0x000000010491cb94 [0x000000010491ca00+0x194]
J 4061 C1 java.lang.ClassLoader.getResource(Ljava/lang/String;)Ljava/net/URL; (36 bytes) @ 0x000000010491bf64 [0x000000010491baa0+0x4c4]
J 4100 C1 java.net.URLClassLoader.getResourceAsStream(Ljava/lang/String;)Ljava/io/InputStream; (137 bytes) @ 0x0000000104938184 [0x0000000104938080+0x104]
j  org.apache.http.util.VersionInfo.loadVersionInfo(Ljava/lang/String;Ljava/lang/ClassLoader;)Lorg/apache/http/util/VersionInfo;+56
j  org.apache.http.util.VersionInfo.getUserAgent(Ljava/lang/String;Ljava/lang/String;Ljava/lang/Class;)Ljava/lang/String;+5
j  org.apache.http.impl.client.HttpClientBuilder.build()Lorg/apache/http/impl/client/CloseableHttpClient;+544
j  com.rrdinsights.scalabrine.ScalabrineClient$.get(Lcom/rrdinsights/scalabrine/endpoints/Endpoint;)Lorg/json4s/JsonAST$JValue;+41
j  com.rrdinsights.scalabrine.ScalabrineClient$.getBasicSplitsPerPos(Lcom/rrdinsights/scalabrine/endpoints/PlayerBasicSplitsEndpoint;)Lcom/rrdinsights/scalabrine/models/PlayerBasicSplitsResponse;+5
j  com.rrdinsights.russell.etl.application.BasicPlayerSplitsDownloader$.com$rrdinsights$russell$etl$application$BasicPlayerSplitsDownloader$$downloadPlayerBasicSplits(Lcom/rrdinsights/scalabrine/parameters/ParameterValue;Lcom/rrdinsights/scalabrine/parameters/ParameterValue;)Lscala/Option;+146
J 4159 C1 com.rrdinsights.russell.etl.application.BasicPlayerSplitsDownloader$$anonfun$downloadAllPlayerBasicSplits$3.apply(Ljava/lang/Object;)Ljava/lang/Object; (9 bytes) @ 0x000000010495dc94 [0x000000010495d6a0+0x5f4]
J 3315 C2 scala.collection.TraversableLike$$anonfun$flatMap$1.apply(Ljava/lang/Object;)Ljava/lang/Object; (6 bytes) @ 0x000000010437e568 [0x000000010437dda0+0x7c8]
J 231 C1 scala.collection.immutable.List.foreach(Lscala/Function1;)V (32 bytes) @ 0x00000001040f6784 [0x00000001040f65c0+0x1c4]
j  scala.collection.generic.TraversableForwarder$class.foreach(Lscala/collection/generic/TraversableForwarder;Lscala/Function1;)V+7
j  scala.collection.mutable.ListBuffer.foreach(Lscala/Function1;)V+2
J 1040 C1 scala.collection.AbstractTraversable.flatMap(Lscala/Function1;Lscala/collection/generic/CanBuildFrom;)Ljava/lang/Object; (7 bytes) @ 0x000000010426f2d4 [0x000000010426ee20+0x4b4]
j  com.rrdinsights.russell.etl.application.BasicPlayerSplitsDownloader$.downloadAllPlayerBasicSplits(Lscala/collection/Seq;Ljava/lang/String;)Lscala/collection/Seq;+65
j  com.rrdinsights.russell.etl.application.BasicPlayerSplitsDownloader$.downloadAndWriteAllPlayerBasicSplits(Lscala/collection/Seq;Ljava/lang/String;Ljava/lang/String;)V+3
j  com.rrdinsights.russell.etl.driver.PlayerStats$.downloadAndWritePlayerStats(Lcom/rrdinsights/russell/etl/driver/PlayerStatsArguments;Ljava/lang/String;Lscala/collection/Seq;)V+50
j  com.rrdinsights.russell.etl.driver.PlayerStats$.main([Ljava/lang/String;)V+113
j  com.rrdinsights.russell.etl.driver.PlayerStats.main([Ljava/lang/String;)V+4
v  ~StubRoutines::call_stub
j  sun.reflect.NativeMethodAccessorImpl.invoke0(Ljava/lang/reflect/Method;Ljava/lang/Object;[Ljava/lang/Object;)Ljava/lang/Object;+0
j  sun.reflect.NativeMethodAccessorImpl.invoke(Ljava/lang/Object;[Ljava/lang/Object;)Ljava/lang/Object;+100
j  sun.reflect.DelegatingMethodAccessorImpl.invoke(Ljava/lang/Object;[Ljava/lang/Object;)Ljava/lang/Object;+6
j  java.lang.reflect.Method.invoke(Ljava/lang/Object;[Ljava/lang/Object;)Ljava/lang/Object;+56
j  scala.reflect.internal.util.ScalaClassLoader$$anonfun$run$1.apply()Ljava/lang/Object;+32
j  scala.reflect.internal.util.ScalaClassLoader$class.asContext(Lscala/reflect/internal/util/ScalaClassLoader;Lscala/Function0;)Ljava/lang/Object;+18
j  scala.reflect.internal.util.ScalaClassLoader$URLClassLoader.asContext(Lscala/Function0;)Ljava/lang/Object;+2
j  scala.reflect.internal.util.ScalaClassLoader$class.run(Lscala/reflect/internal/util/ScalaClassLoader;Ljava/lang/String;Lscala/collection/Seq;)V+76
j  scala.reflect.internal.util.ScalaClassLoader$URLClassLoader.run(Ljava/lang/String;Lscala/collection/Seq;)V+3
j  scala.tools.nsc.CommonRunner$class.run(Lscala/tools/nsc/CommonRunner;Lscala/collection/Seq;Ljava/lang/String;Lscala/collection/Seq;)V+15
j  scala.tools.nsc.ObjectRunner$.run(Lscala/collection/Seq;Ljava/lang/String;Lscala/collection/Seq;)V+4
j  scala.tools.nsc.CommonRunner$class.runAndCatch(Lscala/tools/nsc/CommonRunner;Lscala/collection/Seq;Ljava/lang/String;Lscala/collection/Seq;)Lscala/util/Either;+4
j  scala.tools.nsc.ObjectRunner$.runAndCatch(Lscala/collection/Seq;Ljava/lang/String;Lscala/collection/Seq;)Lscala/util/Either;+4
j  scala.tools.nsc.MainGenericRunner.runTarget$1(Lscala/tools/nsc/GenericRunnerCommand;)Lscala/util/Either;+33
j  scala.tools.nsc.MainGenericRunner.run$1(Lscala/tools/nsc/GenericRunnerCommand;)Z+72
j  scala.tools.nsc.MainGenericRunner.process([Ljava/lang/String;)Z+78
j  scala.tools.nsc.MainGenericRunner$.main([Ljava/lang/String;)V+2
j  scala.tools.nsc.MainGenericRunner.main([Ljava/lang/String;)V+4
v  ~StubRoutines::call_stub

---------------  P R O C E S S  ---------------

Java Threads: ( => current thread )
  0x00007f90e0a9f800 JavaThread "Abandoned connection cleanup thread" daemon [_thread_blocked, id=22019, stack(0x00007000014d6000,0x00007000015d6000)]
  0x00007f90e087d000 JavaThread "Service Thread" daemon [_thread_blocked, id=20995, stack(0x00007000012d0000,0x00007000013d0000)]
  0x00007f90e0881800 JavaThread "C1 CompilerThread3" daemon [_thread_blocked, id=20483, stack(0x00007000011cd000,0x00007000012cd000)]
  0x00007f90e1808000 JavaThread "C2 CompilerThread2" daemon [_thread_blocked, id=19971, stack(0x00007000010ca000,0x00007000011ca000)]
  0x00007f90e0880800 JavaThread "C2 CompilerThread1" daemon [_thread_blocked, id=19459, stack(0x0000700000fc7000,0x00007000010c7000)]
  0x00007f90e083a800 JavaThread "C2 CompilerThread0" daemon [_thread_blocked, id=18947, stack(0x0000700000ec4000,0x0000700000fc4000)]
  0x00007f90e0869800 JavaThread "Signal Dispatcher" daemon [_thread_blocked, id=15887, stack(0x0000700000dc1000,0x0000700000ec1000)]
  0x00007f90e101a000 JavaThread "Finalizer" daemon [_thread_blocked, id=14339, stack(0x0000700000c3b000,0x0000700000d3b000)]
  0x00007f90e1017800 JavaThread "Reference Handler" daemon [_thread_blocked, id=13827, stack(0x0000700000b38000,0x0000700000c38000)]
=>0x00007f90e1002800 JavaThread "main" [_thread_in_native, id=2823, stack(0x000070000011a000,0x000070000021a000)]

Other Threads:
  0x00007f90e0861800 VMThread [stack: 0x0000700000a35000,0x0000700000b35000] [id=13315]
  0x00007f90e083b000 WatcherThread [stack: 0x00007000013d3000,0x00007000014d3000] [id=21507]

VM state:not at safepoint (normal execution)

VM Mutex/Monitor currently owned by a thread: None

Heap:
 PSYoungGen      total 20992K, used 14760K [0x0000000715580000, 0x0000000717600000, 0x00000007c0000000)
  eden space 18944K, 68% used [0x0000000715580000,0x0000000716215818,0x0000000716800000)
  from space 2048K, 91% used [0x0000000716880000,0x0000000716a54978,0x0000000716a80000)
  to   space 7168K, 0% used [0x0000000716f00000,0x0000000716f00000,0x0000000717600000)
 ParOldGen       total 22016K, used 14252K [0x00000005c0000000, 0x00000005c1580000, 0x0000000715580000)
  object space 22016K, 64% used [0x00000005c0000000,0x00000005c0deb190,0x00000005c1580000)
 Metaspace       used 31674K, capacity 31938K, committed 32384K, reserved 1077248K
  class space    used 4234K, capacity 4357K, committed 4480K, reserved 1048576K

Card table byte_map: [0x0000000113362000,0x0000000114363000] byte_map_base: 0x0000000110562000

Marking Bits: (ParMarkBitMap*) 0x00000001038f0d30
 Begin Bits: [0x0000000114e0e000, 0x000000011ce0e000)
 End Bits:   [0x000000011ce0e000, 0x0000000124e0e000)

Polling page: 0x0000000101ed9000

CodeCache: size=245760Kb used=10368Kb max_used=10370Kb free=235391Kb
 bounds [0x0000000103fa2000, 0x00000001049e2000, 0x0000000112fa2000]
 total_blobs=4165 nmethods=3700 adapters=375
 compilation: enabled

Compilation events (10 events):
Event: 1499.720 Thread 0x00007f90e0880800 4296       4       scala.collection.TraversableLike$class::filterImpl (31 bytes)
Event: 1499.722 Thread 0x00007f90e0880800 nmethod 4296 0x00000001049cda90 code [0x00000001049cdc00, 0x00000001049cddb8]
Event: 1500.722 Thread 0x00007f90e0881800 4297   !   3       java.util.Formatter::format (271 bytes)
Event: 1500.723 Thread 0x00007f90e0881800 nmethod 4297 0x00000001049d0a50 code [0x00000001049d0d00, 0x00000001049d1e08]
Event: 1510.527 Thread 0x00007f90e0881800 4298       3       org.apache.http.protocol.ChainBuilder::addAllLast (41 bytes)
Event: 1510.528 Thread 0x00007f90e0881800 nmethod 4298 0x00000001049cd210 code [0x00000001049cd3c0, 0x00000001049cd838]
Event: 1510.528 Thread 0x00007f90e1808000 4299       4       java.lang.Boolean::valueOf (14 bytes)
Event: 1510.528 Thread 0x00007f90e1808000 nmethod 4299 0x00000001040b4e50 code [0x00000001040b4fa0, 0x00000001040b4ff8]
Event: 1510.534 Thread 0x00007f90e0881800 4300       3       org.apache.http.impl.conn.LoggingManagedHttpClientConnection::onRequestSubmitted (134 bytes)
Event: 1510.535 Thread 0x00007f90e0881800 nmethod 4300 0x00000001049ce5d0 code [0x00000001049ce8c0, 0x00000001049cffe8]

GC Heap History (10 events):
Event: 1216.511 GC heap before
{Heap before GC invocations=24 (full 1):
 PSYoungGen      total 28160K, used 23136K [0x0000000715580000, 0x0000000717880000, 0x00000007c0000000)
  eden space 21504K, 100% used [0x0000000715580000,0x0000000716a80000,0x0000000716a80000)
  from space 6656K, 24% used [0x0000000717200000,0x0000000717398000,0x0000000717880000)
  to   space 7168K, 0% used [0x0000000716a80000,0x0000000716a80000,0x0000000717180000)
 ParOldGen       total 22016K, used 13732K [0x00000005c0000000, 0x00000005c1580000, 0x0000000715580000)
  object space 22016K, 62% used [0x00000005c0000000,0x00000005c0d69190,0x00000005c1580000)
 Metaspace       used 31656K, capacity 31938K, committed 32384K, reserved 1077248K
  class space    used 4233K, capacity 4357K, committed 4480K, reserved 1048576K
Event: 1216.513 GC heap after
Heap after GC invocations=24 (full 1):
 PSYoungGen      total 23040K, used 1632K [0x0000000715580000, 0x0000000717800000, 0x00000007c0000000)
  eden space 20992K, 0% used [0x0000000715580000,0x0000000715580000,0x0000000716a00000)
  from space 2048K, 79% used [0x0000000716a80000,0x0000000716c18000,0x0000000716c80000)
  to   space 7168K, 0% used [0x0000000717100000,0x0000000717100000,0x0000000717800000)
 ParOldGen       total 22016K, used 13876K [0x00000005c0000000, 0x00000005c1580000, 0x0000000715580000)
  object space 22016K, 63% used [0x00000005c0000000,0x00000005c0d8d190,0x00000005c1580000)
 Metaspace       used 31656K, capacity 31938K, committed 32384K, reserved 1077248K
  class space    used 4233K, capacity 4357K, committed 4480K, reserved 1048576K
}
Event: 1285.343 GC heap before
{Heap before GC invocations=25 (full 1):
 PSYoungGen      total 23040K, used 22624K [0x0000000715580000, 0x0000000717800000, 0x00000007c0000000)
  eden space 20992K, 100% used [0x0000000715580000,0x0000000716a00000,0x0000000716a00000)
  from space 2048K, 79% used [0x0000000716a80000,0x0000000716c18000,0x0000000716c80000)
  to   space 7168K, 0% used [0x0000000717100000,0x0000000717100000,0x0000000717800000)
 ParOldGen       total 22016K, used 13876K [0x00000005c0000000, 0x00000005c1580000, 0x0000000715580000)
  object space 22016K, 63% used [0x00000005c0000000,0x00000005c0d8d190,0x00000005c1580000)
 Metaspace       used 31658K, capacity 31938K, committed 32384K, reserved 1077248K
  class space    used 4233K, capacity 4357K, committed 4480K, reserved 1048576K
Event: 1285.345 GC heap after
Heap after GC invocations=25 (full 1):
 PSYoungGen      total 27136K, used 1824K [0x0000000715580000, 0x0000000717780000, 0x00000007c0000000)
  eden space 20480K, 0% used [0x0000000715580000,0x0000000715580000,0x0000000716980000)
  from space 6656K, 27% used [0x0000000717100000,0x00000007172c8010,0x0000000717780000)
  to   space 7168K, 0% used [0x0000000716980000,0x0000000716980000,0x0000000717080000)
 ParOldGen       total 22016K, used 13988K [0x00000005c0000000, 0x00000005c1580000, 0x0000000715580000)
  object space 22016K, 63% used [0x00000005c0000000,0x00000005c0da9190,0x00000005c1580000)
 Metaspace       used 31658K, capacity 31938K, committed 32384K, reserved 1077248K
  class space    used 4233K, capacity 4357K, committed 4480K, reserved 1048576K
}
Event: 1350.229 GC heap before
{Heap before GC invocations=26 (full 1):
 PSYoungGen      total 27136K, used 22304K [0x0000000715580000, 0x0000000717780000, 0x00000007c0000000)
  eden space 20480K, 100% used [0x0000000715580000,0x0000000716980000,0x0000000716980000)
  from space 6656K, 27% used [0x0000000717100000,0x00000007172c8010,0x0000000717780000)
  to   space 7168K, 0% used [0x0000000716980000,0x0000000716980000,0x0000000717080000)
 ParOldGen       total 22016K, used 13988K [0x00000005c0000000, 0x00000005c1580000, 0x0000000715580000)
  object space 22016K, 63% used [0x00000005c0000000,0x00000005c0da9190,0x00000005c1580000)
 Metaspace       used 31660K, capacity 31938K, committed 32384K, reserved 1077248K
  class space    used 4233K, capacity 4357K, committed 4480K, reserved 1048576K
Event: 1350.233 GC heap after
Heap after GC invocations=26 (full 1):
 PSYoungGen      total 22016K, used 1714K [0x0000000715580000, 0x0000000717700000, 0x00000007c0000000)
  eden space 19968K, 0% used [0x0000000715580000,0x0000000715580000,0x0000000716900000)
  from space 2048K, 83% used [0x0000000716980000,0x0000000716b2c978,0x0000000716b80000)
  to   space 7168K, 0% used [0x0000000717000000,0x0000000717000000,0x0000000717700000)
 ParOldGen       total 22016K, used 14076K [0x00000005c0000000, 0x00000005c1580000, 0x0000000715580000)
  object space 22016K, 63% used [0x00000005c0000000,0x00000005c0dbf190,0x00000005c1580000)
 Metaspace       used 31660K, capacity 31938K, committed 32384K, reserved 1077248K
  class space    used 4233K, capacity 4357K, committed 4480K, reserved 1048576K
}
Event: 1412.487 GC heap before
{Heap before GC invocations=27 (full 1):
 PSYoungGen      total 22016K, used 21682K [0x0000000715580000, 0x0000000717700000, 0x00000007c0000000)
  eden space 19968K, 100% used [0x0000000715580000,0x0000000716900000,0x0000000716900000)
  from space 2048K, 83% used [0x0000000716980000,0x0000000716b2c978,0x0000000716b80000)
  to   space 7168K, 0% used [0x0000000717000000,0x0000000717000000,0x0000000717700000)
 ParOldGen       total 22016K, used 14076K [0x00000005c0000000, 0x00000005c1580000, 0x0000000715580000)
  object space 22016K, 63% used [0x00000005c0000000,0x00000005c0dbf190,0x00000005c1580000)
 Metaspace       used 31671K, capacity 31938K, committed 32384K, reserved 1077248K
  class space    used 4234K, capacity 4357K, committed 4480K, reserved 1048576K
Event: 1412.490 GC heap after
Heap after GC invocations=27 (full 1):
 PSYoungGen      total 26112K, used 1824K [0x0000000715580000, 0x0000000717680000, 0x00000007c0000000)
  eden space 19456K, 0% used [0x0000000715580000,0x0000000715580000,0x0000000716880000)
  from space 6656K, 27% used [0x0000000717000000,0x00000007171c8000,0x0000000717680000)
  to   space 7168K, 0% used [0x0000000716880000,0x0000000716880000,0x0000000716f80000)
 ParOldGen       total 22016K, used 14172K [0x00000005c0000000, 0x00000005c1580000, 0x0000000715580000)
  object space 22016K, 64% used [0x00000005c0000000,0x00000005c0dd7190,0x00000005c1580000)
 Metaspace       used 31671K, capacity 31938K, committed 32384K, reserved 1077248K
  class space    used 4234K, capacity 4357K, committed 4480K, reserved 1048576K
}
Event: 1480.419 GC heap before
{Heap before GC invocations=28 (full 1):
 PSYoungGen      total 26112K, used 21280K [0x0000000715580000, 0x0000000717680000, 0x00000007c0000000)
  eden space 19456K, 100% used [0x0000000715580000,0x0000000716880000,0x0000000716880000)
  from space 6656K, 27% used [0x0000000717000000,0x00000007171c8000,0x0000000717680000)
  to   space 7168K, 0% used [0x0000000716880000,0x0000000716880000,0x0000000716f80000)
 ParOldGen       total 22016K, used 14172K [0x00000005c0000000, 0x00000005c1580000, 0x0000000715580000)
  object space 22016K, 64% used [0x00000005c0000000,0x00000005c0dd7190,0x00000005c1580000)
 Metaspace       used 31673K, capacity 31938K, committed 32384K, reserved 1077248K
  class space    used 4234K, capacity 4357K, committed 4480K, reserved 1048576K
Event: 1480.422 GC heap after
Heap after GC invocations=28 (full 1):
 PSYoungGen      total 20992K, used 1874K [0x0000000715580000, 0x0000000717600000, 0x00000007c0000000)
  eden space 18944K, 0% used [0x0000000715580000,0x0000000715580000,0x0000000716800000)
  from space 2048K, 91% used [0x0000000716880000,0x0000000716a54978,0x0000000716a80000)
  to   space 7168K, 0% used [0x0000000716f00000,0x0000000716f00000,0x0000000717600000)
 ParOldGen       total 22016K, used 14252K [0x00000005c0000000, 0x00000005c1580000, 0x0000000715580000)
  object space 22016K, 64% used [0x00000005c0000000,0x00000005c0deb190,0x00000005c1580000)
 Metaspace       used 31673K, capacity 31938K, committed 32384K, reserved 1077248K
  class space    used 4234K, capacity 4357K, committed 4480K, reserved 1048576K
}

Deoptimization events (10 events):
Event: 2.579 Thread 0x00007f90e1002800 Uncommon trap: reason=bimorphic action=maybe_recompile pc=0x0000000104692ff0 method=java.util.regex.Pattern$BmpCharProperty.match(Ljava/util/regex/Matcher;ILjava/lang/CharSequence;)Z @ 31
Event: 2.579 Thread 0x00007f90e1002800 Uncommon trap: reason=bimorphic action=maybe_recompile pc=0x0000000104692ff0 method=java.util.regex.Pattern$BmpCharProperty.match(Ljava/util/regex/Matcher;ILjava/lang/CharSequence;)Z @ 31
Event: 2.633 Thread 0x00007f90e1002800 Uncommon trap: reason=bimorphic action=maybe_recompile pc=0x00000001046ccc1c method=java.util.regex.Pattern$BmpCharProperty.match(Ljava/util/regex/Matcher;ILjava/lang/CharSequence;)Z @ 16
Event: 2.633 Thread 0x00007f90e1002800 Uncommon trap: reason=bimorphic action=maybe_recompile pc=0x00000001046ccc1c method=java.util.regex.Pattern$BmpCharProperty.match(Ljava/util/regex/Matcher;ILjava/lang/CharSequence;)Z @ 16
Event: 2.684 Thread 0x00007f90e1002800 Uncommon trap: reason=unstable_if action=reinterpret pc=0x000000010467af28 method=java.lang.CharacterDataLatin1.digit(II)I @ 82
Event: 3.177 Thread 0x00007f90e1002800 Uncommon trap: reason=bimorphic action=maybe_recompile pc=0x000000010441c5b4 method=scala.collection.generic.Growable$class.loop$1(Lscala/collection/generic/Growable;Lscala/collection/LinearSeq;)V @ 1
Event: 3.210 Thread 0x00007f90e1002800 Uncommon trap: reason=class_check action=maybe_recompile pc=0x0000000104440c34 method=scala.collection.TraversableLike$$anonfun$flatMap$1.apply(Ljava/lang/Object;)Lscala/collection/mutable/Builder; @ 9
Event: 4.218 Thread 0x00007f90e1002800 Uncommon trap: reason=unstable_if action=reinterpret pc=0x000000010467ab5c method=java.lang.CharacterDataLatin1.digit(II)I @ 82
Event: 4.324 Thread 0x00007f90e1002800 Uncommon trap: reason=class_check action=maybe_recompile pc=0x0000000104440c34 method=scala.collection.TraversableLike$$anonfun$flatMap$1.apply(Ljava/lang/Object;)Lscala/collection/mutable/Builder; @ 9
Event: 5.409 Thread 0x00007f90e1002800 Uncommon trap: reason=class_check action=maybe_recompile pc=0x0000000104440c34 method=scala.collection.TraversableLike$$anonfun$flatMap$1.apply(Ljava/lang/Object;)Lscala/collection/mutable/Builder; @ 9

Internal exceptions (10 events):
Event: 0.806 Thread 0x00007f90e1002800 Exception <a 'java/lang/ClassNotFoundException': scala/reflect/internal/annotations> (0x00000007158a8130) thrown at [/Users/java_re/workspace/8-2-build-macosx-x86_64/jdk8u112/7935/hotspot/src/share/vm/classfile/systemDictionary.cpp, line 210]
Event: 0.807 Thread 0x00007f90e1002800 Exception <a 'java/lang/ClassNotFoundException': scala/reflect/internal/annotations/compileTimeOnly> (0x00000007158afba0) thrown at [/Users/java_re/workspace/8-2-build-macosx-x86_64/jdk8u112/7935/hotspot/src/share/vm/classfile/systemDictionary.cpp, line 2
Event: 0.808 Thread 0x00007f90e1002800 Exception <a 'java/lang/ClassNotFoundException': scala/annotation/meta> (0x00000007158b4bf8) thrown at [/Users/java_re/workspace/8-2-build-macosx-x86_64/jdk8u112/7935/hotspot/src/share/vm/classfile/systemDictionary.cpp, line 210]
Event: 0.840 Thread 0x00007f90e1002800 Implicit null exception at 0x00000001041fc335 to 0x00000001041fc6f5
Event: 1.352 Thread 0x00007f90e1002800 Exception <a 'java/lang/ClassNotFoundException': java/util/stream> (0x0000000715592610) thrown at [/Users/java_re/workspace/8-2-build-macosx-x86_64/jdk8u112/7935/hotspot/src/share/vm/classfile/systemDictionary.cpp, line 210]
Event: 1.352 Thread 0x00007f90e1002800 Exception <a 'java/lang/ClassNotFoundException': java/util/stream/package> (0x0000000715593d68) thrown at [/Users/java_re/workspace/8-2-build-macosx-x86_64/jdk8u112/7935/hotspot/src/share/vm/classfile/systemDictionary.cpp, line 210]
Event: 1.355 Thread 0x00007f90e1002800 Exception <a 'java/lang/ClassNotFoundException': java/util/function> (0x00000007155a8188) thrown at [/Users/java_re/workspace/8-2-build-macosx-x86_64/jdk8u112/7935/hotspot/src/share/vm/classfile/systemDictionary.cpp, line 210]
Event: 1.355 Thread 0x00007f90e1002800 Exception <a 'java/lang/ClassNotFoundException': java/util/function/package> (0x00000007155a9ae8) thrown at [/Users/java_re/workspace/8-2-build-macosx-x86_64/jdk8u112/7935/hotspot/src/share/vm/classfile/systemDictionary.cpp, line 210]
Event: 2.481 Thread 0x00007f90e1002800 Implicit null exception at 0x00000001041c7bf4 to 0x00000001041c8021
Event: 1355.436 Thread 0x00007f90e1002800 Exception <a 'java/util/zip/ZipException'> (0x0000000715777108) thrown at [/Users/java_re/workspace/8-2-build-macosx-x86_64/jdk8u112/7935/hotspot/src/share/vm/prims/jni.cpp, line 709]

Events (10 events):
Event: 1480.423 Executing VM operation: RevokeBias
Event: 1480.423 Executing VM operation: RevokeBias done
Event: 1480.423 Executing VM operation: RevokeBias
Event: 1480.423 Executing VM operation: RevokeBias done
Event: 1480.423 Executing VM operation: RevokeBias
Event: 1480.423 Executing VM operation: RevokeBias done
Event: 1480.423 Executing VM operation: RevokeBias
Event: 1480.424 Executing VM operation: RevokeBias done
Event: 1480.424 Executing VM operation: RevokeBias
Event: 1480.424 Executing VM operation: RevokeBias done


Dynamic libraries:
0x0000000001b4f000 	/System/Library/Frameworks/Cocoa.framework/Versions/A/Cocoa
0x0000000001b4f000 	/System/Library/Frameworks/Security.framework/Versions/A/Security
0x0000000001b4f000 	/System/Library/Frameworks/ApplicationServices.framework/Versions/A/ApplicationServices
0x0000000001b4f000 	/usr/lib/libz.1.dylib
0x0000000001b4f000 	/usr/lib/libSystem.B.dylib
0x0000000001b4f000 	/usr/lib/libobjc.A.dylib
0x0000000001b4f000 	/System/Library/Frameworks/CoreFoundation.framework/Versions/A/CoreFoundation
0x0000000001b4f000 	/System/Library/Frameworks/Foundation.framework/Versions/C/Foundation
0x0000000001b4f000 	/System/Library/Frameworks/AppKit.framework/Versions/C/AppKit
0x0000000001b4f000 	/System/Library/Frameworks/CoreData.framework/Versions/A/CoreData
0x0000000001b4f000 	/System/Library/PrivateFrameworks/RemoteViewServices.framework/Versions/A/RemoteViewServices
0x0000000001b4f000 	/System/Library/PrivateFrameworks/UIFoundation.framework/Versions/A/UIFoundation
0x0000000001b4f000 	/usr/lib/libScreenReader.dylib
0x0000000001b4f000 	/System/Library/Frameworks/Accelerate.framework/Versions/A/Accelerate
0x0000000001b4f000 	/System/Library/Frameworks/IOSurface.framework/Versions/A/IOSurface
0x0000000001b4f000 	/System/Library/Frameworks/AudioToolbox.framework/Versions/A/AudioToolbox
0x0000000001b4f000 	/System/Library/Frameworks/AudioUnit.framework/Versions/A/AudioUnit
0x0000000001b4f000 	/System/Library/PrivateFrameworks/DataDetectorsCore.framework/Versions/A/DataDetectorsCore
0x0000000001b4f000 	/System/Library/PrivateFrameworks/DesktopServicesPriv.framework/Versions/A/DesktopServicesPriv
0x0000000001b4f000 	/System/Library/Frameworks/Carbon.framework/Versions/A/Frameworks/HIToolbox.framework/Versions/A/HIToolbox
0x0000000001b4f000 	/System/Library/Frameworks/QuartzCore.framework/Versions/A/QuartzCore
0x0000000001b4f000 	/System/Library/Frameworks/Carbon.framework/Versions/A/Frameworks/SpeechRecognition.framework/Versions/A/SpeechRecognition
0x0000000001b4f000 	/usr/lib/libauto.dylib
0x0000000001b4f000 	/usr/lib/libicucore.A.dylib
0x0000000001b4f000 	/usr/lib/libxml2.2.dylib
0x0000000001b4f000 	/System/Library/PrivateFrameworks/CoreUI.framework/Versions/A/CoreUI
0x0000000001b4f000 	/System/Library/Frameworks/CoreAudio.framework/Versions/A/CoreAudio
0x0000000001b4f000 	/System/Library/Frameworks/DiskArbitration.framework/Versions/A/DiskArbitration
0x0000000001b4f000 	/usr/lib/liblangid.dylib
0x0000000001b4f000 	/System/Library/PrivateFrameworks/MultitouchSupport.framework/Versions/A/MultitouchSupport
0x0000000001b4f000 	/System/Library/Frameworks/IOKit.framework/Versions/A/IOKit
0x0000000001b4f000 	/usr/lib/libDiagnosticMessagesClient.dylib
0x0000000001b4f000 	/System/Library/Frameworks/CoreServices.framework/Versions/A/CoreServices
0x0000000001b4f000 	/System/Library/PrivateFrameworks/PerformanceAnalysis.framework/Versions/A/PerformanceAnalysis
0x0000000001b4f000 	/System/Library/PrivateFrameworks/GenerationalStorage.framework/Versions/A/GenerationalStorage
0x0000000001b4f000 	/System/Library/Frameworks/OpenGL.framework/Versions/A/OpenGL
0x0000000001b4f000 	/System/Library/PrivateFrameworks/Sharing.framework/Versions/A/Sharing
0x0000000001b4f000 	/System/Library/Frameworks/CoreGraphics.framework/Versions/A/CoreGraphics
0x0000000001b4f000 	/System/Library/Frameworks/CoreImage.framework/Versions/A/CoreImage
0x0000000001b4f000 	/System/Library/Frameworks/CoreText.framework/Versions/A/CoreText
0x0000000001b4f000 	/System/Library/Frameworks/ImageIO.framework/Versions/A/ImageIO
0x0000000001b4f000 	/System/Library/PrivateFrameworks/Backup.framework/Versions/A/Backup
0x0000000001b4f000 	/usr/lib/libextension.dylib
0x0000000001b4f000 	/usr/lib/libarchive.2.dylib
0x0000000001b4f000 	/System/Library/Frameworks/CFNetwork.framework/Versions/A/CFNetwork
0x0000000001b4f000 	/System/Library/Frameworks/SystemConfiguration.framework/Versions/A/SystemConfiguration
0x0000000001b4f000 	/usr/lib/libCRFSuite.dylib
0x0000000001b4f000 	/usr/lib/libc++.1.dylib
0x0000000001b4f000 	/usr/lib/libc++abi.dylib
0x0000000001b4f000 	/usr/lib/system/libcache.dylib
0x0000000001b4f000 	/usr/lib/system/libcommonCrypto.dylib
0x0000000001b4f000 	/usr/lib/system/libcompiler_rt.dylib
0x0000000001b4f000 	/usr/lib/system/libcopyfile.dylib
0x0000000001b4f000 	/usr/lib/system/libcorecrypto.dylib
0x0000000001b4f000 	/usr/lib/system/libdispatch.dylib
0x0000000001b4f000 	/usr/lib/system/libdyld.dylib
0x0000000001b4f000 	/usr/lib/system/libkeymgr.dylib
0x0000000001b4f000 	/usr/lib/system/liblaunch.dylib
0x0000000001b4f000 	/usr/lib/system/libmacho.dylib
0x0000000001b4f000 	/usr/lib/system/libquarantine.dylib
0x0000000001b4f000 	/usr/lib/system/libremovefile.dylib
0x0000000001b4f000 	/usr/lib/system/libsystem_asl.dylib
0x0000000001b4f000 	/usr/lib/system/libsystem_blocks.dylib
0x0000000001b4f000 	/usr/lib/system/libsystem_c.dylib
0x0000000001b4f000 	/usr/lib/system/libsystem_configuration.dylib
0x0000000001b4f000 	/usr/lib/system/libsystem_coreservices.dylib
0x0000000001b4f000 	/usr/lib/system/libsystem_coretls.dylib
0x0000000001b4f000 	/usr/lib/system/libsystem_dnssd.dylib
0x0000000001b4f000 	/usr/lib/system/libsystem_info.dylib
0x0000000001b4f000 	/usr/lib/system/libsystem_kernel.dylib
0x0000000001b4f000 	/usr/lib/system/libsystem_m.dylib
0x0000000001b4f000 	/usr/lib/system/libsystem_malloc.dylib
0x0000000001b4f000 	/usr/lib/system/libsystem_network.dylib
0x0000000001b4f000 	/usr/lib/system/libsystem_networkextension.dylib
0x0000000001b4f000 	/usr/lib/system/libsystem_notify.dylib
0x0000000001b4f000 	/usr/lib/system/libsystem_platform.dylib
0x0000000001b4f000 	/usr/lib/system/libsystem_pthread.dylib
0x0000000001b4f000 	/usr/lib/system/libsystem_sandbox.dylib
0x0000000001b4f000 	/usr/lib/system/libsystem_secinit.dylib
0x0000000001b4f000 	/usr/lib/system/libsystem_trace.dylib
0x0000000001b4f000 	/usr/lib/system/libunc.dylib
0x0000000001b4f000 	/usr/lib/system/libunwind.dylib
0x0000000001b4f000 	/usr/lib/system/libxpc.dylib
0x0000000001b4f000 	/usr/lib/libenergytrace.dylib
0x0000000001b4f000 	/usr/lib/libbsm.0.dylib
0x0000000001b4f000 	/usr/lib/system/libkxld.dylib
0x0000000001b4f000 	/usr/lib/libxar.1.dylib
0x0000000001b4f000 	/usr/lib/libsqlite3.dylib
0x0000000001b4f000 	/usr/lib/libpam.2.dylib
0x0000000001b4f000 	/usr/lib/libOpenScriptingUtil.dylib
0x0000000001b4f000 	/usr/lib/libbz2.1.0.dylib
0x0000000001b4f000 	/usr/lib/liblzma.5.dylib
0x0000000001b4f000 	/System/Library/Frameworks/CoreServices.framework/Versions/A/Frameworks/FSEvents.framework/Versions/A/FSEvents
0x0000000001b4f000 	/System/Library/Frameworks/CoreServices.framework/Versions/A/Frameworks/CarbonCore.framework/Versions/A/CarbonCore
0x0000000001b4f000 	/System/Library/Frameworks/CoreServices.framework/Versions/A/Frameworks/Metadata.framework/Versions/A/Metadata
0x0000000001b4f000 	/System/Library/Frameworks/CoreServices.framework/Versions/A/Frameworks/OSServices.framework/Versions/A/OSServices
0x0000000001b4f000 	/System/Library/Frameworks/CoreServices.framework/Versions/A/Frameworks/SearchKit.framework/Versions/A/SearchKit
0x0000000001b4f000 	/System/Library/Frameworks/CoreServices.framework/Versions/A/Frameworks/AE.framework/Versions/A/AE
0x0000000001b4f000 	/System/Library/Frameworks/CoreServices.framework/Versions/A/Frameworks/LaunchServices.framework/Versions/A/LaunchServices
0x0000000001b4f000 	/System/Library/Frameworks/CoreServices.framework/Versions/A/Frameworks/DictionaryServices.framework/Versions/A/DictionaryServices
0x0000000001b4f000 	/System/Library/Frameworks/CoreServices.framework/Versions/A/Frameworks/SharedFileList.framework/Versions/A/SharedFileList
0x0000000001b4f000 	/System/Library/Frameworks/NetFS.framework/Versions/A/NetFS
0x0000000001b4f000 	/System/Library/PrivateFrameworks/NetAuth.framework/Versions/A/NetAuth
0x0000000001b4f000 	/System/Library/PrivateFrameworks/login.framework/Versions/A/Frameworks/loginsupport.framework/Versions/A/loginsupport
0x0000000001b4f000 	/System/Library/PrivateFrameworks/TCC.framework/Versions/A/TCC
0x0000000001b4f000 	/usr/lib/libmecabra.dylib
0x0000000001b4f000 	/System/Library/Frameworks/ApplicationServices.framework/Versions/A/Frameworks/ATS.framework/Versions/A/ATS
0x0000000001b4f000 	/System/Library/Frameworks/ApplicationServices.framework/Versions/A/Frameworks/ColorSync.framework/Versions/A/ColorSync
0x0000000001b4f000 	/System/Library/Frameworks/ApplicationServices.framework/Versions/A/Frameworks/HIServices.framework/Versions/A/HIServices
0x0000000001b4f000 	/System/Library/Frameworks/ApplicationServices.framework/Versions/A/Frameworks/LangAnalysis.framework/Versions/A/LangAnalysis
0x0000000001b4f000 	/System/Library/Frameworks/ApplicationServices.framework/Versions/A/Frameworks/PrintCore.framework/Versions/A/PrintCore
0x0000000001b4f000 	/System/Library/Frameworks/ApplicationServices.framework/Versions/A/Frameworks/QD.framework/Versions/A/QD
0x0000000001b4f000 	/System/Library/Frameworks/ApplicationServices.framework/Versions/A/Frameworks/SpeechSynthesis.framework/Versions/A/SpeechSynthesis
0x0000000001b4f000 	/System/Library/Frameworks/Metal.framework/Versions/A/Metal
0x0000000001b4f000 	/System/Library/Frameworks/Accelerate.framework/Versions/A/Frameworks/vImage.framework/Versions/A/vImage
0x0000000001b4f000 	/System/Library/Frameworks/Accelerate.framework/Versions/A/Frameworks/vecLib.framework/Versions/A/vecLib
0x0000000001b4f000 	/System/Library/Frameworks/Accelerate.framework/Versions/A/Frameworks/vecLib.framework/Versions/A/libvDSP.dylib
0x0000000001b4f000 	/System/Library/Frameworks/Accelerate.framework/Versions/A/Frameworks/vecLib.framework/Versions/A/libvMisc.dylib
0x0000000001b4f000 	/System/Library/Frameworks/Accelerate.framework/Versions/A/Frameworks/vecLib.framework/Versions/A/libLAPACK.dylib
0x0000000001b4f000 	/System/Library/Frameworks/Accelerate.framework/Versions/A/Frameworks/vecLib.framework/Versions/A/libBLAS.dylib
0x0000000001b4f000 	/System/Library/Frameworks/Accelerate.framework/Versions/A/Frameworks/vecLib.framework/Versions/A/libLinearAlgebra.dylib
0x0000000001b4f000 	/System/Library/Frameworks/Accelerate.framework/Versions/A/Frameworks/vecLib.framework/Versions/A/libSparseBLAS.dylib
0x0000000001b4f000 	/System/Library/PrivateFrameworks/GPUCompiler.framework/libmetal_timestamp.dylib
0x0000000001b4f000 	/System/Library/Frameworks/OpenGL.framework/Versions/A/Libraries/libCoreFSCache.dylib
0x0000000001b4f000 	/System/Library/PrivateFrameworks/IOAccelerator.framework/Versions/A/IOAccelerator
0x0000000001b4f000 	/System/Library/Frameworks/ApplicationServices.framework/Versions/A/Frameworks/ATS.framework/Versions/A/Resources/libFontParser.dylib
0x0000000001b4f000 	/System/Library/Frameworks/ApplicationServices.framework/Versions/A/Frameworks/ATS.framework/Versions/A/Resources/libFontRegistry.dylib
0x0000000001b4f000 	/System/Library/PrivateFrameworks/AppleVPA.framework/Versions/A/AppleVPA
0x0000000001b4f000 	/System/Library/PrivateFrameworks/AppleJPEG.framework/Versions/A/AppleJPEG
0x0000000001b4f000 	/System/Library/Frameworks/ImageIO.framework/Versions/A/Resources/libJPEG.dylib
0x0000000001b4f000 	/System/Library/Frameworks/ImageIO.framework/Versions/A/Resources/libTIFF.dylib
0x0000000001b4f000 	/System/Library/Frameworks/ImageIO.framework/Versions/A/Resources/libPng.dylib
0x0000000001b4f000 	/System/Library/Frameworks/ImageIO.framework/Versions/A/Resources/libGIF.dylib
0x0000000001b4f000 	/System/Library/Frameworks/ImageIO.framework/Versions/A/Resources/libJP2.dylib
0x0000000001b4f000 	/System/Library/Frameworks/ImageIO.framework/Versions/A/Resources/libRadiance.dylib
0x0000000001b4f000 	/System/Library/Frameworks/CoreVideo.framework/Versions/A/CoreVideo
0x0000000001b4f000 	/System/Library/Frameworks/OpenGL.framework/Versions/A/Libraries/libGLU.dylib
0x0000000001b4f000 	/System/Library/Frameworks/OpenGL.framework/Versions/A/Libraries/libGFXShared.dylib
0x0000000001b4f000 	/System/Library/Frameworks/OpenGL.framework/Versions/A/Libraries/libGL.dylib
0x0000000001b4f000 	/System/Library/Frameworks/OpenGL.framework/Versions/A/Libraries/libGLImage.dylib
0x0000000001b4f000 	/System/Library/Frameworks/OpenGL.framework/Versions/A/Libraries/libCVMSPluginSupport.dylib
0x0000000001b4f000 	/System/Library/Frameworks/OpenGL.framework/Versions/A/Libraries/libCoreVMClient.dylib
0x0000000001b4f000 	/usr/lib/libcompression.dylib
0x0000000001b4f000 	/usr/lib/libcups.2.dylib
0x0000000001b4f000 	/System/Library/Frameworks/Kerberos.framework/Versions/A/Kerberos
0x0000000001b4f000 	/System/Library/Frameworks/GSS.framework/Versions/A/GSS
0x0000000001b4f000 	/usr/lib/libresolv.9.dylib
0x0000000001b4f000 	/usr/lib/libiconv.2.dylib
0x0000000001b4f000 	/System/Library/PrivateFrameworks/Heimdal.framework/Versions/A/Heimdal
0x0000000001b4f000 	/usr/lib/libheimdal-asn1.dylib
0x0000000001b4f000 	/System/Library/Frameworks/OpenDirectory.framework/Versions/A/OpenDirectory
0x0000000001b4f000 	/System/Library/PrivateFrameworks/CommonAuth.framework/Versions/A/CommonAuth
0x0000000001b4f000 	/System/Library/Frameworks/OpenDirectory.framework/Versions/A/Frameworks/CFOpenDirectory.framework/Versions/A/CFOpenDirectory
0x0000000001b4f000 	/System/Library/Frameworks/SecurityFoundation.framework/Versions/A/SecurityFoundation
0x0000000001b4f000 	/System/Library/PrivateFrameworks/LanguageModeling.framework/Versions/A/LanguageModeling
0x0000000001b4f000 	/usr/lib/libmarisa.dylib
0x0000000001b4f000 	/usr/lib/libChineseTokenizer.dylib
0x0000000001b4f000 	/usr/lib/libcmph.dylib
0x0000000001b4f000 	/System/Library/Frameworks/ServiceManagement.framework/Versions/A/ServiceManagement
0x0000000001b4f000 	/usr/lib/libxslt.1.dylib
0x0000000001b4f000 	/System/Library/Frameworks/Carbon.framework/Versions/A/Frameworks/Ink.framework/Versions/A/Ink
0x0000000001b4f000 	/usr/lib/libFosl_dynamic.dylib
0x0000000001b4f000 	/System/Library/PrivateFrameworks/FaceCore.framework/Versions/A/FaceCore
0x0000000001b4f000 	/System/Library/Frameworks/OpenCL.framework/Versions/A/OpenCL
0x0000000001b4f000 	/System/Library/PrivateFrameworks/CrashReporterSupport.framework/Versions/A/CrashReporterSupport
0x0000000001b4f000 	/System/Library/PrivateFrameworks/IconServices.framework/Versions/A/IconServices
0x0000000001b4f000 	/System/Library/PrivateFrameworks/Apple80211.framework/Versions/A/Apple80211
0x0000000001b4f000 	/System/Library/Frameworks/CoreWLAN.framework/Versions/A/CoreWLAN
0x0000000001b4f000 	/System/Library/Frameworks/IOBluetooth.framework/Versions/A/IOBluetooth
0x0000000001b4f000 	/System/Library/PrivateFrameworks/CoreWiFi.framework/Versions/A/CoreWiFi
0x0000000001b4f000 	/System/Library/Frameworks/CoreBluetooth.framework/Versions/A/CoreBluetooth
0x0000000001b4f000 	/System/Library/PrivateFrameworks/ChunkingLibrary.framework/Versions/A/ChunkingLibrary
0x0000000001b4f000 	/System/Library/PrivateFrameworks/DebugSymbols.framework/Versions/A/DebugSymbols
0x0000000001b4f000 	/System/Library/PrivateFrameworks/CoreSymbolication.framework/Versions/A/CoreSymbolication
0x0000000001b4f000 	/System/Library/PrivateFrameworks/Symbolication.framework/Versions/A/Symbolication
0x0000000001b4f000 	/System/Library/PrivateFrameworks/SpeechRecognitionCore.framework/Versions/A/SpeechRecognitionCore
0x0000000103000000 	/Library/Java/JavaVirtualMachines/jdk1.8.0_112.jdk/Contents/Home/jre/lib/server/libjvm.dylib
0x0000000001b4f000 	/usr/lib/libstdc++.6.dylib
0x0000000101e96000 	/Library/Java/JavaVirtualMachines/jdk1.8.0_112.jdk/Contents/Home/jre/lib/libverify.dylib
0x0000000101ea4000 	/Library/Java/JavaVirtualMachines/jdk1.8.0_112.jdk/Contents/Home/jre/lib/libjava.dylib
0x0000000101ee3000 	/Library/Java/JavaVirtualMachines/jdk1.8.0_112.jdk/Contents/Home/jre/lib/libzip.dylib
0x00000001284f4000 	/System/Library/Frameworks/JavaVM.framework/Frameworks/JavaRuntimeSupport.framework/JavaRuntimeSupport
0x000000012850f000 	/System/Library/Frameworks/JavaVM.framework/Versions/A/Frameworks/JavaNativeFoundation.framework/Versions/A/JavaNativeFoundation
0x0000000128524000 	/System/Library/Frameworks/JavaVM.framework/Versions/A/JavaVM
0x0000000001b4f000 	/System/Library/Frameworks/Carbon.framework/Versions/A/Carbon
0x0000000128531000 	/System/Library/PrivateFrameworks/JavaLaunching.framework/Versions/A/JavaLaunching
0x0000000001b4f000 	/System/Library/Frameworks/Carbon.framework/Versions/A/Frameworks/CommonPanels.framework/Versions/A/CommonPanels
0x0000000001b4f000 	/System/Library/Frameworks/Carbon.framework/Versions/A/Frameworks/Help.framework/Versions/A/Help
0x0000000001b4f000 	/System/Library/Frameworks/Carbon.framework/Versions/A/Frameworks/ImageCapture.framework/Versions/A/ImageCapture
0x0000000001b4f000 	/System/Library/Frameworks/Carbon.framework/Versions/A/Frameworks/OpenScripting.framework/Versions/A/OpenScripting
0x0000000001b4f000 	/System/Library/Frameworks/Carbon.framework/Versions/A/Frameworks/Print.framework/Versions/A/Print
0x0000000001b4f000 	/System/Library/Frameworks/Carbon.framework/Versions/A/Frameworks/SecurityHI.framework/Versions/A/SecurityHI
0x000000012a965000 	/Library/Java/JavaVirtualMachines/jdk1.8.0_112.jdk/Contents/Home/jre/lib/libnet.dylib
0x000000012b19a000 	/Library/Java/JavaVirtualMachines/jdk1.8.0_112.jdk/Contents/Home/jre/lib/libsunec.dylib
0x000000012b1c2000 	/Library/Java/JavaVirtualMachines/jdk1.8.0_112.jdk/Contents/Home/jre/lib/libnio.dylib

VM Arguments:
jvm_args: -Xmx256M -Xms32M -Xmx8g -Xbootclasspath/a:/usr/local/Cellar/scala@2.11/2.11.11/libexec/lib/akka-actor_2.11-2.3.16.jar:/usr/local/Cellar/scala@2.11/2.11.11/libexec/lib/config-1.2.1.jar:/usr/local/Cellar/scala@2.11/2.11.11/libexec/lib/jline-2.14.3.jar:/usr/local/Cellar/scala@2.11/2.11.11/libexec/lib/scala-actors-2.11.0.jar:/usr/local/Cellar/scala@2.11/2.11.11/libexec/lib/scala-actors-migration_2.11-1.1.0.jar:/usr/local/Cellar/scala@2.11/2.11.11/libexec/lib/scala-compiler.jar:/usr/local/Cellar/scala@2.11/2.11.11/libexec/lib/scala-continuations-library_2.11-1.0.2.jar:/usr/local/Cellar/scala@2.11/2.11.11/libexec/lib/scala-continuations-plugin_2.11.11-1.0.2.jar:/usr/local/Cellar/scala@2.11/2.11.11/libexec/lib/scala-library.jar:/usr/local/Cellar/scala@2.11/2.11.11/libexec/lib/scala-parser-combinators_2.11-1.0.4.jar:/usr/local/Cellar/scala@2.11/2.11.11/libexec/lib/scala-reflect.jar:/usr/local/Cellar/scala@2.11/2.11.11/libexec/lib/scala-swing_2.11-1.0.2.jar:/usr/local/Cellar/scala@2.11/2.11.11/libexec/lib/scala-xml_2.11-1.0.5.jar:/usr/local/Cellar/scala@2.11/2.11.11/libexec/lib/scalap-2.11.11.jar -Dscala.home=/usr/local/Cellar/scala@2.11/2.11.11/libexec -Dscala.usejavacp=true -Denv.emacs= 
java_command: scala.tools.nsc.MainGenericRunner -J-Xmx8g -cp /Users/ryandavis/Documents/Workspace/Russell/russell/target/russell-0.0.1-jar-with-dependencies.jar com.rrdinsights.russell.etl.driver.PlayerStats --season 2017-18 --per-pos
java_class_path (initial): ""
Launcher Type: SUN_STANDARD

Environment Variables:
PATH=/Users/ryandavis/anaconda/bin:/Users/ryandavis/anaconda/bin:/Users/ryandavis/anaconda3/anaconda/bin:/Users/ryandavis/anaconda/bin:/usr/local/bin:/usr/bin:/bin:/usr/sbin:/sbin
SHELL=/bin/bash

Signal Handlers:
SIGSEGV: [libjvm.dylib+0x5b11a5], sa_mask[0]=11111111011111110111111111111111, sa_flags=SA_ONSTACK|SA_RESTART|SA_SIGINFO
SIGBUS: [libjvm.dylib+0x5b11a5], sa_mask[0]=11111111011111110111111111111111, sa_flags=SA_RESTART|SA_SIGINFO
SIGFPE: [libjvm.dylib+0x487dc0], sa_mask[0]=11111111011111110111111111111111, sa_flags=SA_RESTART|SA_SIGINFO
SIGPIPE: [libjvm.dylib+0x487dc0], sa_mask[0]=11111111011111110111111111111111, sa_flags=SA_RESTART|SA_SIGINFO
SIGXFSZ: [libjvm.dylib+0x487dc0], sa_mask[0]=11111111011111110111111111111111, sa_flags=SA_RESTART|SA_SIGINFO
SIGILL: [libjvm.dylib+0x487dc0], sa_mask[0]=11111111011111110111111111111111, sa_flags=SA_RESTART|SA_SIGINFO
SIGUSR1: SIG_DFL, sa_mask[0]=11011111011111100000000111000110, sa_flags=none
SIGUSR2: [libjvm.dylib+0x4878de], sa_mask[0]=00000000000000000000000000000000, sa_flags=SA_RESTART|SA_SIGINFO
SIGHUP: [libjvm.dylib+0x485eb5], sa_mask[0]=11111111011111110111111111111111, sa_flags=SA_RESTART|SA_SIGINFO
SIGINT: [libjvm.dylib+0x485eb5], sa_mask[0]=11111111011111110111111111111111, sa_flags=SA_RESTART|SA_SIGINFO
SIGTERM: [libjvm.dylib+0x485eb5], sa_mask[0]=11111111011111110111111111111111, sa_flags=SA_RESTART|SA_SIGINFO
SIGQUIT: [libjvm.dylib+0x485eb5], sa_mask[0]=11111111011111110111111111111111, sa_flags=SA_RESTART|SA_SIGINFO


---------------  S Y S T E M  ---------------

OS:Bsduname:Darwin 15.6.0 Darwin Kernel Version 15.6.0: Sun Jun  4 21:43:07 PDT 2017; root:xnu-3248.70.3~1/RELEASE_X86_64 x86_64
rlimit: STACK 8192k, CORE 0k, NPROC 709, NOFILE 10240, AS infinity
load average:2.62 2.46 2.36

CPU:total 8 (4 cores per cpu, 2 threads per core) family 6 model 70 stepping 1, cmov, cx8, fxsr, mmx, sse, sse2, sse3, ssse3, sse4.1, sse4.2, popcnt, avx, avx2, aes, clmul, erms, lzcnt, ht, tsc, tscinvbit, bmi1, bmi2

Memory: 4k page, physical 16777216k(2918696k free)

/proc/meminfo:


vm_info: Java HotSpot(TM) 64-Bit Server VM (25.112-b16) for bsd-amd64 JRE (1.8.0_112-b16), built on Sep 30 2016 22:41:41 by "java_re" with gcc 4.2.1 (Based on Apple Inc. build 5658) (LLVM build 2336.11.00)

time: Sun Dec  3 16:42:51 2017
elapsed time: 1519 seconds (0d 0h 25m 19s)

